ERROR - 2022-03-05 08:58:59 --> Unknown column 'first_name' in 'order clause'
CRITICAL - 2022-03-05 08:58:59 --> Unknown column 'first_name' in 'order clause'
#0 C:\xampp\htdocs\tripilar\system\Database\MySQLi\Connection.php(292): mysqli->query('SELECT *\nFROM `...', 0)
#1 C:\xampp\htdocs\tripilar\system\Database\BaseConnection.php(670): CodeIgniter\Database\MySQLi\Connection->execute('SELECT *\nFROM `...')
#2 C:\xampp\htdocs\tripilar\system\Database\BaseConnection.php(598): CodeIgniter\Database\BaseConnection->simpleQuery('SELECT *\nFROM `...')
#3 C:\xampp\htdocs\tripilar\system\Database\BaseBuilder.php(1455): CodeIgniter\Database\BaseConnection->query('SELECT *\nFROM `...', Array, false)
#4 C:\xampp\htdocs\tripilar\system\Model.php(183): CodeIgniter\Database\BaseBuilder->get()
#5 C:\xampp\htdocs\tripilar\system\BaseModel.php(584): CodeIgniter\Model->doFindAll(0, 0)
#6 C:\xampp\htdocs\tripilar\app\Controllers\barang.php(19): CodeIgniter\BaseModel->findAll()
#7 C:\xampp\htdocs\tripilar\system\CodeIgniter.php(832): App\Controllers\barang->index()
#8 C:\xampp\htdocs\tripilar\system\CodeIgniter.php(419): CodeIgniter\CodeIgniter->runController(Object(App\Controllers\barang))
#9 C:\xampp\htdocs\tripilar\system\CodeIgniter.php(326): CodeIgniter\CodeIgniter->handleRequest(NULL, Object(Config\Cache), false)
#10 C:\xampp\htdocs\tripilar\public\index.php(37): CodeIgniter\CodeIgniter->run()
#11 {main}
CRITICAL - 2022-03-05 08:59:40 --> Undefined variable $judul
#0 C:\xampp\htdocs\tripilar\app\Views\templates\v_header.php(12): CodeIgniter\Debug\Exceptions->errorHandler(2, 'Undefined varia...', 'C:\\xampp\\htdocs...', 12)
#1 C:\xampp\htdocs\tripilar\system\View\View.php(210): include('C:\\xampp\\htdocs...')
#2 C:\xampp\htdocs\tripilar\system\View\View.php(213): CodeIgniter\View\View->CodeIgniter\View\{closure}()
#3 C:\xampp\htdocs\tripilar\system\Common.php(1089): CodeIgniter\View\View->render('templates/v_hea...', Array, true)
#4 C:\xampp\htdocs\tripilar\app\Controllers\barang.php(26): view('templates/v_hea...', Array)
#5 C:\xampp\htdocs\tripilar\system\CodeIgniter.php(832): App\Controllers\barang->index()
#6 C:\xampp\htdocs\tripilar\system\CodeIgniter.php(419): CodeIgniter\CodeIgniter->runController(Object(App\Controllers\barang))
#7 C:\xampp\htdocs\tripilar\system\CodeIgniter.php(326): CodeIgniter\CodeIgniter->handleRequest(NULL, Object(Config\Cache), false)
#8 C:\xampp\htdocs\tripilar\public\index.php(37): CodeIgniter\CodeIgniter->run()
#9 {main}
CRITICAL - 2022-03-05 09:01:26 --> Undefined variable $judul
#0 C:\xampp\htdocs\tripilar\app\Views\templates\v_header.php(12): CodeIgniter\Debug\Exceptions->errorHandler(2, 'Undefined varia...', 'C:\\xampp\\htdocs...', 12)
#1 C:\xampp\htdocs\tripilar\system\View\View.php(210): include('C:\\xampp\\htdocs...')
#2 C:\xampp\htdocs\tripilar\system\View\View.php(213): CodeIgniter\View\View->CodeIgniter\View\{closure}()
#3 C:\xampp\htdocs\tripilar\system\Common.php(1089): CodeIgniter\View\View->render('templates/v_hea...', Array, true)
#4 C:\xampp\htdocs\tripilar\app\Controllers\barang.php(26): view('templates/v_hea...', Array)
#5 C:\xampp\htdocs\tripilar\system\CodeIgniter.php(832): App\Controllers\barang->index()
#6 C:\xampp\htdocs\tripilar\system\CodeIgniter.php(419): CodeIgniter\CodeIgniter->runController(Object(App\Controllers\barang))
#7 C:\xampp\htdocs\tripilar\system\CodeIgniter.php(326): CodeIgniter\CodeIgniter->handleRequest(NULL, Object(Config\Cache), false)
#8 C:\xampp\htdocs\tripilar\public\index.php(37): CodeIgniter\CodeIgniter->run()
#9 {main}
CRITICAL - 2022-03-05 09:01:27 --> Undefined variable $judul
#0 C:\xampp\htdocs\tripilar\app\Views\templates\v_header.php(12): CodeIgniter\Debug\Exceptions->errorHandler(2, 'Undefined varia...', 'C:\\xampp\\htdocs...', 12)
#1 C:\xampp\htdocs\tripilar\system\View\View.php(210): include('C:\\xampp\\htdocs...')
#2 C:\xampp\htdocs\tripilar\system\View\View.php(213): CodeIgniter\View\View->CodeIgniter\View\{closure}()
#3 C:\xampp\htdocs\tripilar\system\Common.php(1089): CodeIgniter\View\View->render('templates/v_hea...', Array, true)
#4 C:\xampp\htdocs\tripilar\app\Controllers\barang.php(26): view('templates/v_hea...', Array)
#5 C:\xampp\htdocs\tripilar\system\CodeIgniter.php(832): App\Controllers\barang->index()
#6 C:\xampp\htdocs\tripilar\system\CodeIgniter.php(419): CodeIgniter\CodeIgniter->runController(Object(App\Controllers\barang))
#7 C:\xampp\htdocs\tripilar\system\CodeIgniter.php(326): CodeIgniter\CodeIgniter->handleRequest(NULL, Object(Config\Cache), false)
#8 C:\xampp\htdocs\tripilar\public\index.php(37): CodeIgniter\CodeIgniter->run()
#9 {main}
CRITICAL - 2022-03-05 09:02:14 --> Undefined variable $judul
#0 C:\xampp\htdocs\tripilar\app\Views\templates\v_header.php(12): CodeIgniter\Debug\Exceptions->errorHandler(2, 'Undefined varia...', 'C:\\xampp\\htdocs...', 12)
#1 C:\xampp\htdocs\tripilar\system\View\View.php(210): include('C:\\xampp\\htdocs...')
#2 C:\xampp\htdocs\tripilar\system\View\View.php(213): CodeIgniter\View\View->CodeIgniter\View\{closure}()
#3 C:\xampp\htdocs\tripilar\system\Common.php(1089): CodeIgniter\View\View->render('templates/v_hea...', Array, true)
#4 C:\xampp\htdocs\tripilar\app\Controllers\barang.php(26): view('templates/v_hea...', Array)
#5 C:\xampp\htdocs\tripilar\system\CodeIgniter.php(832): App\Controllers\barang->index()
#6 C:\xampp\htdocs\tripilar\system\CodeIgniter.php(419): CodeIgniter\CodeIgniter->runController(Object(App\Controllers\barang))
#7 C:\xampp\htdocs\tripilar\system\CodeIgniter.php(326): CodeIgniter\CodeIgniter->handleRequest(NULL, Object(Config\Cache), false)
#8 C:\xampp\htdocs\tripilar\public\index.php(37): CodeIgniter\CodeIgniter->run()
#9 {main}
CRITICAL - 2022-03-05 09:02:15 --> Undefined variable $judul
#0 C:\xampp\htdocs\tripilar\app\Views\templates\v_header.php(12): CodeIgniter\Debug\Exceptions->errorHandler(2, 'Undefined varia...', 'C:\\xampp\\htdocs...', 12)
#1 C:\xampp\htdocs\tripilar\system\View\View.php(210): include('C:\\xampp\\htdocs...')
#2 C:\xampp\htdocs\tripilar\system\View\View.php(213): CodeIgniter\View\View->CodeIgniter\View\{closure}()
#3 C:\xampp\htdocs\tripilar\system\Common.php(1089): CodeIgniter\View\View->render('templates/v_hea...', Array, true)
#4 C:\xampp\htdocs\tripilar\app\Controllers\barang.php(26): view('templates/v_hea...', Array)
#5 C:\xampp\htdocs\tripilar\system\CodeIgniter.php(832): App\Controllers\barang->index()
#6 C:\xampp\htdocs\tripilar\system\CodeIgniter.php(419): CodeIgniter\CodeIgniter->runController(Object(App\Controllers\barang))
#7 C:\xampp\htdocs\tripilar\system\CodeIgniter.php(326): CodeIgniter\CodeIgniter->handleRequest(NULL, Object(Config\Cache), false)
#8 C:\xampp\htdocs\tripilar\public\index.php(37): CodeIgniter\CodeIgniter->run()
#9 {main}
CRITICAL - 2022-03-05 09:02:16 --> Undefined variable $judul
#0 C:\xampp\htdocs\tripilar\app\Views\templates\v_header.php(12): CodeIgniter\Debug\Exceptions->errorHandler(2, 'Undefined varia...', 'C:\\xampp\\htdocs...', 12)
#1 C:\xampp\htdocs\tripilar\system\View\View.php(210): include('C:\\xampp\\htdocs...')
#2 C:\xampp\htdocs\tripilar\system\View\View.php(213): CodeIgniter\View\View->CodeIgniter\View\{closure}()
#3 C:\xampp\htdocs\tripilar\system\Common.php(1089): CodeIgniter\View\View->render('templates/v_hea...', Array, true)
#4 C:\xampp\htdocs\tripilar\app\Controllers\barang.php(26): view('templates/v_hea...', Array)
#5 C:\xampp\htdocs\tripilar\system\CodeIgniter.php(832): App\Controllers\barang->index()
#6 C:\xampp\htdocs\tripilar\system\CodeIgniter.php(419): CodeIgniter\CodeIgniter->runController(Object(App\Controllers\barang))
#7 C:\xampp\htdocs\tripilar\system\CodeIgniter.php(326): CodeIgniter\CodeIgniter->handleRequest(NULL, Object(Config\Cache), false)
#8 C:\xampp\htdocs\tripilar\public\index.php(37): CodeIgniter\CodeIgniter->run()
#9 {main}
CRITICAL - 2022-03-05 09:02:16 --> Undefined variable $judul
#0 C:\xampp\htdocs\tripilar\app\Views\templates\v_header.php(12): CodeIgniter\Debug\Exceptions->errorHandler(2, 'Undefined varia...', 'C:\\xampp\\htdocs...', 12)
#1 C:\xampp\htdocs\tripilar\system\View\View.php(210): include('C:\\xampp\\htdocs...')
#2 C:\xampp\htdocs\tripilar\system\View\View.php(213): CodeIgniter\View\View->CodeIgniter\View\{closure}()
#3 C:\xampp\htdocs\tripilar\system\Common.php(1089): CodeIgniter\View\View->render('templates/v_hea...', Array, true)
#4 C:\xampp\htdocs\tripilar\app\Controllers\barang.php(26): view('templates/v_hea...', Array)
#5 C:\xampp\htdocs\tripilar\system\CodeIgniter.php(832): App\Controllers\barang->index()
#6 C:\xampp\htdocs\tripilar\system\CodeIgniter.php(419): CodeIgniter\CodeIgniter->runController(Object(App\Controllers\barang))
#7 C:\xampp\htdocs\tripilar\system\CodeIgniter.php(326): CodeIgniter\CodeIgniter->handleRequest(NULL, Object(Config\Cache), false)
#8 C:\xampp\htdocs\tripilar\public\index.php(37): CodeIgniter\CodeIgniter->run()
#9 {main}
CRITICAL - 2022-03-05 09:02:16 --> Undefined variable $judul
#0 C:\xampp\htdocs\tripilar\app\Views\templates\v_header.php(12): CodeIgniter\Debug\Exceptions->errorHandler(2, 'Undefined varia...', 'C:\\xampp\\htdocs...', 12)
#1 C:\xampp\htdocs\tripilar\system\View\View.php(210): include('C:\\xampp\\htdocs...')
#2 C:\xampp\htdocs\tripilar\system\View\View.php(213): CodeIgniter\View\View->CodeIgniter\View\{closure}()
#3 C:\xampp\htdocs\tripilar\system\Common.php(1089): CodeIgniter\View\View->render('templates/v_hea...', Array, true)
#4 C:\xampp\htdocs\tripilar\app\Controllers\barang.php(26): view('templates/v_hea...', Array)
#5 C:\xampp\htdocs\tripilar\system\CodeIgniter.php(832): App\Controllers\barang->index()
#6 C:\xampp\htdocs\tripilar\system\CodeIgniter.php(419): CodeIgniter\CodeIgniter->runController(Object(App\Controllers\barang))
#7 C:\xampp\htdocs\tripilar\system\CodeIgniter.php(326): CodeIgniter\CodeIgniter->handleRequest(NULL, Object(Config\Cache), false)
#8 C:\xampp\htdocs\tripilar\public\index.php(37): CodeIgniter\CodeIgniter->run()
#9 {main}
CRITICAL - 2022-03-05 09:02:17 --> Undefined variable $judul
#0 C:\xampp\htdocs\tripilar\app\Views\templates\v_header.php(12): CodeIgniter\Debug\Exceptions->errorHandler(2, 'Undefined varia...', 'C:\\xampp\\htdocs...', 12)
#1 C:\xampp\htdocs\tripilar\system\View\View.php(210): include('C:\\xampp\\htdocs...')
#2 C:\xampp\htdocs\tripilar\system\View\View.php(213): CodeIgniter\View\View->CodeIgniter\View\{closure}()
#3 C:\xampp\htdocs\tripilar\system\Common.php(1089): CodeIgniter\View\View->render('templates/v_hea...', Array, true)
#4 C:\xampp\htdocs\tripilar\app\Controllers\barang.php(26): view('templates/v_hea...', Array)
#5 C:\xampp\htdocs\tripilar\system\CodeIgniter.php(832): App\Controllers\barang->index()
#6 C:\xampp\htdocs\tripilar\system\CodeIgniter.php(419): CodeIgniter\CodeIgniter->runController(Object(App\Controllers\barang))
#7 C:\xampp\htdocs\tripilar\system\CodeIgniter.php(326): CodeIgniter\CodeIgniter->handleRequest(NULL, Object(Config\Cache), false)
#8 C:\xampp\htdocs\tripilar\public\index.php(37): CodeIgniter\CodeIgniter->run()
#9 {main}
CRITICAL - 2022-03-05 09:02:17 --> Undefined variable $judul
#0 C:\xampp\htdocs\tripilar\app\Views\templates\v_header.php(12): CodeIgniter\Debug\Exceptions->errorHandler(2, 'Undefined varia...', 'C:\\xampp\\htdocs...', 12)
#1 C:\xampp\htdocs\tripilar\system\View\View.php(210): include('C:\\xampp\\htdocs...')
#2 C:\xampp\htdocs\tripilar\system\View\View.php(213): CodeIgniter\View\View->CodeIgniter\View\{closure}()
#3 C:\xampp\htdocs\tripilar\system\Common.php(1089): CodeIgniter\View\View->render('templates/v_hea...', Array, true)
#4 C:\xampp\htdocs\tripilar\app\Controllers\barang.php(26): view('templates/v_hea...', Array)
#5 C:\xampp\htdocs\tripilar\system\CodeIgniter.php(832): App\Controllers\barang->index()
#6 C:\xampp\htdocs\tripilar\system\CodeIgniter.php(419): CodeIgniter\CodeIgniter->runController(Object(App\Controllers\barang))
#7 C:\xampp\htdocs\tripilar\system\CodeIgniter.php(326): CodeIgniter\CodeIgniter->handleRequest(NULL, Object(Config\Cache), false)
#8 C:\xampp\htdocs\tripilar\public\index.php(37): CodeIgniter\CodeIgniter->run()
#9 {main}
CRITICAL - 2022-03-05 09:02:17 --> Undefined variable $judul
#0 C:\xampp\htdocs\tripilar\app\Views\templates\v_header.php(12): CodeIgniter\Debug\Exceptions->errorHandler(2, 'Undefined varia...', 'C:\\xampp\\htdocs...', 12)
#1 C:\xampp\htdocs\tripilar\system\View\View.php(210): include('C:\\xampp\\htdocs...')
#2 C:\xampp\htdocs\tripilar\system\View\View.php(213): CodeIgniter\View\View->CodeIgniter\View\{closure}()
#3 C:\xampp\htdocs\tripilar\system\Common.php(1089): CodeIgniter\View\View->render('templates/v_hea...', Array, true)
#4 C:\xampp\htdocs\tripilar\app\Controllers\barang.php(26): view('templates/v_hea...', Array)
#5 C:\xampp\htdocs\tripilar\system\CodeIgniter.php(832): App\Controllers\barang->index()
#6 C:\xampp\htdocs\tripilar\system\CodeIgniter.php(419): CodeIgniter\CodeIgniter->runController(Object(App\Controllers\barang))
#7 C:\xampp\htdocs\tripilar\system\CodeIgniter.php(326): CodeIgniter\CodeIgniter->handleRequest(NULL, Object(Config\Cache), false)
#8 C:\xampp\htdocs\tripilar\public\index.php(37): CodeIgniter\CodeIgniter->run()
#9 {main}
CRITICAL - 2022-03-05 09:02:18 --> Undefined variable $judul
#0 C:\xampp\htdocs\tripilar\app\Views\templates\v_header.php(12): CodeIgniter\Debug\Exceptions->errorHandler(2, 'Undefined varia...', 'C:\\xampp\\htdocs...', 12)
#1 C:\xampp\htdocs\tripilar\system\View\View.php(210): include('C:\\xampp\\htdocs...')
#2 C:\xampp\htdocs\tripilar\system\View\View.php(213): CodeIgniter\View\View->CodeIgniter\View\{closure}()
#3 C:\xampp\htdocs\tripilar\system\Common.php(1089): CodeIgniter\View\View->render('templates/v_hea...', Array, true)
#4 C:\xampp\htdocs\tripilar\app\Controllers\barang.php(26): view('templates/v_hea...', Array)
#5 C:\xampp\htdocs\tripilar\system\CodeIgniter.php(832): App\Controllers\barang->index()
#6 C:\xampp\htdocs\tripilar\system\CodeIgniter.php(419): CodeIgniter\CodeIgniter->runController(Object(App\Controllers\barang))
#7 C:\xampp\htdocs\tripilar\system\CodeIgniter.php(326): CodeIgniter\CodeIgniter->handleRequest(NULL, Object(Config\Cache), false)
#8 C:\xampp\htdocs\tripilar\public\index.php(37): CodeIgniter\CodeIgniter->run()
#9 {main}
CRITICAL - 2022-03-05 09:02:18 --> Undefined variable $judul
#0 C:\xampp\htdocs\tripilar\app\Views\templates\v_header.php(12): CodeIgniter\Debug\Exceptions->errorHandler(2, 'Undefined varia...', 'C:\\xampp\\htdocs...', 12)
#1 C:\xampp\htdocs\tripilar\system\View\View.php(210): include('C:\\xampp\\htdocs...')
#2 C:\xampp\htdocs\tripilar\system\View\View.php(213): CodeIgniter\View\View->CodeIgniter\View\{closure}()
#3 C:\xampp\htdocs\tripilar\system\Common.php(1089): CodeIgniter\View\View->render('templates/v_hea...', Array, true)
#4 C:\xampp\htdocs\tripilar\app\Controllers\barang.php(26): view('templates/v_hea...', Array)
#5 C:\xampp\htdocs\tripilar\system\CodeIgniter.php(832): App\Controllers\barang->index()
#6 C:\xampp\htdocs\tripilar\system\CodeIgniter.php(419): CodeIgniter\CodeIgniter->runController(Object(App\Controllers\barang))
#7 C:\xampp\htdocs\tripilar\system\CodeIgniter.php(326): CodeIgniter\CodeIgniter->handleRequest(NULL, Object(Config\Cache), false)
#8 C:\xampp\htdocs\tripilar\public\index.php(37): CodeIgniter\CodeIgniter->run()
#9 {main}
CRITICAL - 2022-03-05 09:02:18 --> Undefined variable $judul
#0 C:\xampp\htdocs\tripilar\app\Views\templates\v_header.php(12): CodeIgniter\Debug\Exceptions->errorHandler(2, 'Undefined varia...', 'C:\\xampp\\htdocs...', 12)
#1 C:\xampp\htdocs\tripilar\system\View\View.php(210): include('C:\\xampp\\htdocs...')
#2 C:\xampp\htdocs\tripilar\system\View\View.php(213): CodeIgniter\View\View->CodeIgniter\View\{closure}()
#3 C:\xampp\htdocs\tripilar\system\Common.php(1089): CodeIgniter\View\View->render('templates/v_hea...', Array, true)
#4 C:\xampp\htdocs\tripilar\app\Controllers\barang.php(26): view('templates/v_hea...', Array)
#5 C:\xampp\htdocs\tripilar\system\CodeIgniter.php(832): App\Controllers\barang->index()
#6 C:\xampp\htdocs\tripilar\system\CodeIgniter.php(419): CodeIgniter\CodeIgniter->runController(Object(App\Controllers\barang))
#7 C:\xampp\htdocs\tripilar\system\CodeIgniter.php(326): CodeIgniter\CodeIgniter->handleRequest(NULL, Object(Config\Cache), false)
#8 C:\xampp\htdocs\tripilar\public\index.php(37): CodeIgniter\CodeIgniter->run()
#9 {main}
CRITICAL - 2022-03-05 09:02:19 --> Undefined variable $judul
#0 C:\xampp\htdocs\tripilar\app\Views\templates\v_header.php(12): CodeIgniter\Debug\Exceptions->errorHandler(2, 'Undefined varia...', 'C:\\xampp\\htdocs...', 12)
#1 C:\xampp\htdocs\tripilar\system\View\View.php(210): include('C:\\xampp\\htdocs...')
#2 C:\xampp\htdocs\tripilar\system\View\View.php(213): CodeIgniter\View\View->CodeIgniter\View\{closure}()
#3 C:\xampp\htdocs\tripilar\system\Common.php(1089): CodeIgniter\View\View->render('templates/v_hea...', Array, true)
#4 C:\xampp\htdocs\tripilar\app\Controllers\barang.php(26): view('templates/v_hea...', Array)
#5 C:\xampp\htdocs\tripilar\system\CodeIgniter.php(832): App\Controllers\barang->index()
#6 C:\xampp\htdocs\tripilar\system\CodeIgniter.php(419): CodeIgniter\CodeIgniter->runController(Object(App\Controllers\barang))
#7 C:\xampp\htdocs\tripilar\system\CodeIgniter.php(326): CodeIgniter\CodeIgniter->handleRequest(NULL, Object(Config\Cache), false)
#8 C:\xampp\htdocs\tripilar\public\index.php(37): CodeIgniter\CodeIgniter->run()
#9 {main}
CRITICAL - 2022-03-05 09:02:19 --> Undefined variable $judul
#0 C:\xampp\htdocs\tripilar\app\Views\templates\v_header.php(12): CodeIgniter\Debug\Exceptions->errorHandler(2, 'Undefined varia...', 'C:\\xampp\\htdocs...', 12)
#1 C:\xampp\htdocs\tripilar\system\View\View.php(210): include('C:\\xampp\\htdocs...')
#2 C:\xampp\htdocs\tripilar\system\View\View.php(213): CodeIgniter\View\View->CodeIgniter\View\{closure}()
#3 C:\xampp\htdocs\tripilar\system\Common.php(1089): CodeIgniter\View\View->render('templates/v_hea...', Array, true)
#4 C:\xampp\htdocs\tripilar\app\Controllers\barang.php(26): view('templates/v_hea...', Array)
#5 C:\xampp\htdocs\tripilar\system\CodeIgniter.php(832): App\Controllers\barang->index()
#6 C:\xampp\htdocs\tripilar\system\CodeIgniter.php(419): CodeIgniter\CodeIgniter->runController(Object(App\Controllers\barang))
#7 C:\xampp\htdocs\tripilar\system\CodeIgniter.php(326): CodeIgniter\CodeIgniter->handleRequest(NULL, Object(Config\Cache), false)
#8 C:\xampp\htdocs\tripilar\public\index.php(37): CodeIgniter\CodeIgniter->run()
#9 {main}
CRITICAL - 2022-03-05 09:02:31 --> Undefined variable $judul
#0 C:\xampp\htdocs\tripilar\app\Views\templates\v_header.php(12): CodeIgniter\Debug\Exceptions->errorHandler(2, 'Undefined varia...', 'C:\\xampp\\htdocs...', 12)
#1 C:\xampp\htdocs\tripilar\system\View\View.php(210): include('C:\\xampp\\htdocs...')
#2 C:\xampp\htdocs\tripilar\system\View\View.php(213): CodeIgniter\View\View->CodeIgniter\View\{closure}()
#3 C:\xampp\htdocs\tripilar\system\Common.php(1089): CodeIgniter\View\View->render('templates/v_hea...', Array, true)
#4 C:\xampp\htdocs\tripilar\app\Controllers\barang.php(26): view('templates/v_hea...', Array)
#5 C:\xampp\htdocs\tripilar\system\CodeIgniter.php(832): App\Controllers\barang->index()
#6 C:\xampp\htdocs\tripilar\system\CodeIgniter.php(419): CodeIgniter\CodeIgniter->runController(Object(App\Controllers\barang))
#7 C:\xampp\htdocs\tripilar\system\CodeIgniter.php(326): CodeIgniter\CodeIgniter->handleRequest(NULL, Object(Config\Cache), false)
#8 C:\xampp\htdocs\tripilar\public\index.php(37): CodeIgniter\CodeIgniter->run()
#9 {main}
CRITICAL - 2022-03-05 09:03:29 --> Undefined variable $judul
#0 C:\xampp\htdocs\tripilar\app\Views\barang\index.php(2): CodeIgniter\Debug\Exceptions->errorHandler(2, 'Undefined varia...', 'C:\\xampp\\htdocs...', 2)
#1 C:\xampp\htdocs\tripilar\system\View\View.php(210): include('C:\\xampp\\htdocs...')
#2 C:\xampp\htdocs\tripilar\system\View\View.php(213): CodeIgniter\View\View->CodeIgniter\View\{closure}()
#3 C:\xampp\htdocs\tripilar\system\Common.php(1089): CodeIgniter\View\View->render('barang/index', Array, true)
#4 C:\xampp\htdocs\tripilar\app\Controllers\barang.php(20): view('barang/index', Array)
#5 C:\xampp\htdocs\tripilar\system\CodeIgniter.php(832): App\Controllers\barang->index()
#6 C:\xampp\htdocs\tripilar\system\CodeIgniter.php(419): CodeIgniter\CodeIgniter->runController(Object(App\Controllers\barang))
#7 C:\xampp\htdocs\tripilar\system\CodeIgniter.php(326): CodeIgniter\CodeIgniter->handleRequest(NULL, Object(Config\Cache), false)
#8 C:\xampp\htdocs\tripilar\public\index.php(37): CodeIgniter\CodeIgniter->run()
#9 {main}
CRITICAL - 2022-03-05 09:03:43 --> Undefined variable $judul
#0 C:\xampp\htdocs\tripilar\app\Views\barang\index.php(2): CodeIgniter\Debug\Exceptions->errorHandler(2, 'Undefined varia...', 'C:\\xampp\\htdocs...', 2)
#1 C:\xampp\htdocs\tripilar\system\View\View.php(210): include('C:\\xampp\\htdocs...')
#2 C:\xampp\htdocs\tripilar\system\View\View.php(213): CodeIgniter\View\View->CodeIgniter\View\{closure}()
#3 C:\xampp\htdocs\tripilar\system\Common.php(1089): CodeIgniter\View\View->render('barang/index', Array, true)
#4 C:\xampp\htdocs\tripilar\app\Controllers\barang.php(20): view('barang/index', Array)
#5 C:\xampp\htdocs\tripilar\system\CodeIgniter.php(832): App\Controllers\barang->index()
#6 C:\xampp\htdocs\tripilar\system\CodeIgniter.php(419): CodeIgniter\CodeIgniter->runController(Object(App\Controllers\barang))
#7 C:\xampp\htdocs\tripilar\system\CodeIgniter.php(326): CodeIgniter\CodeIgniter->handleRequest(NULL, Object(Config\Cache), false)
#8 C:\xampp\htdocs\tripilar\public\index.php(37): CodeIgniter\CodeIgniter->run()
#9 {main}
CRITICAL - 2022-03-05 09:03:52 --> Undefined variable $judul
#0 C:\xampp\htdocs\tripilar\app\Views\barang\index.php(2): CodeIgniter\Debug\Exceptions->errorHandler(2, 'Undefined varia...', 'C:\\xampp\\htdocs...', 2)
#1 C:\xampp\htdocs\tripilar\system\View\View.php(210): include('C:\\xampp\\htdocs...')
#2 C:\xampp\htdocs\tripilar\system\View\View.php(213): CodeIgniter\View\View->CodeIgniter\View\{closure}()
#3 C:\xampp\htdocs\tripilar\system\Common.php(1089): CodeIgniter\View\View->render('barang/index', Array, true)
#4 C:\xampp\htdocs\tripilar\app\Controllers\barang.php(20): view('barang/index', Array)
#5 C:\xampp\htdocs\tripilar\system\CodeIgniter.php(832): App\Controllers\barang->index()
#6 C:\xampp\htdocs\tripilar\system\CodeIgniter.php(419): CodeIgniter\CodeIgniter->runController(Object(App\Controllers\barang))
#7 C:\xampp\htdocs\tripilar\system\CodeIgniter.php(326): CodeIgniter\CodeIgniter->handleRequest(NULL, Object(Config\Cache), false)
#8 C:\xampp\htdocs\tripilar\public\index.php(37): CodeIgniter\CodeIgniter->run()
#9 {main}
CRITICAL - 2022-03-05 09:04:49 --> Undefined property: App\Controllers\barang::$model
#0 C:\xampp\htdocs\tripilar\app\Controllers\barang.php(46): CodeIgniter\Debug\Exceptions->errorHandler(2, 'Undefined prope...', 'C:\\xampp\\htdocs...', 46)
#1 C:\xampp\htdocs\tripilar\system\CodeIgniter.php(832): App\Controllers\barang->tambah()
#2 C:\xampp\htdocs\tripilar\system\CodeIgniter.php(419): CodeIgniter\CodeIgniter->runController(Object(App\Controllers\barang))
#3 C:\xampp\htdocs\tripilar\system\CodeIgniter.php(326): CodeIgniter\CodeIgniter->handleRequest(NULL, Object(Config\Cache), false)
#4 C:\xampp\htdocs\tripilar\public\index.php(37): CodeIgniter\CodeIgniter->run()
#5 {main}
CRITICAL - 2022-03-05 09:05:52 --> Undefined variable $judul
#0 C:\xampp\htdocs\tripilar\app\Views\templates\v_header.php(12): CodeIgniter\Debug\Exceptions->errorHandler(2, 'Undefined varia...', 'C:\\xampp\\htdocs...', 12)
#1 C:\xampp\htdocs\tripilar\system\View\View.php(210): include('C:\\xampp\\htdocs...')
#2 C:\xampp\htdocs\tripilar\system\View\View.php(213): CodeIgniter\View\View->CodeIgniter\View\{closure}()
#3 C:\xampp\htdocs\tripilar\system\Common.php(1089): CodeIgniter\View\View->render('templates/v_hea...', Array, true)
#4 C:\xampp\htdocs\tripilar\app\Controllers\barang.php(26): view('templates/v_hea...', Array)
#5 C:\xampp\htdocs\tripilar\system\CodeIgniter.php(832): App\Controllers\barang->index()
#6 C:\xampp\htdocs\tripilar\system\CodeIgniter.php(419): CodeIgniter\CodeIgniter->runController(Object(App\Controllers\barang))
#7 C:\xampp\htdocs\tripilar\system\CodeIgniter.php(326): CodeIgniter\CodeIgniter->handleRequest(NULL, Object(Config\Cache), false)
#8 C:\xampp\htdocs\tripilar\public\index.php(37): CodeIgniter\CodeIgniter->run()
#9 {main}
CRITICAL - 2022-03-05 09:05:53 --> Undefined variable $judul
#0 C:\xampp\htdocs\tripilar\app\Views\templates\v_header.php(12): CodeIgniter\Debug\Exceptions->errorHandler(2, 'Undefined varia...', 'C:\\xampp\\htdocs...', 12)
#1 C:\xampp\htdocs\tripilar\system\View\View.php(210): include('C:\\xampp\\htdocs...')
#2 C:\xampp\htdocs\tripilar\system\View\View.php(213): CodeIgniter\View\View->CodeIgniter\View\{closure}()
#3 C:\xampp\htdocs\tripilar\system\Common.php(1089): CodeIgniter\View\View->render('templates/v_hea...', Array, true)
#4 C:\xampp\htdocs\tripilar\app\Controllers\barang.php(26): view('templates/v_hea...', Array)
#5 C:\xampp\htdocs\tripilar\system\CodeIgniter.php(832): App\Controllers\barang->index()
#6 C:\xampp\htdocs\tripilar\system\CodeIgniter.php(419): CodeIgniter\CodeIgniter->runController(Object(App\Controllers\barang))
#7 C:\xampp\htdocs\tripilar\system\CodeIgniter.php(326): CodeIgniter\CodeIgniter->handleRequest(NULL, Object(Config\Cache), false)
#8 C:\xampp\htdocs\tripilar\public\index.php(37): CodeIgniter\CodeIgniter->run()
#9 {main}
CRITICAL - 2022-03-05 09:05:54 --> Undefined variable $judul
#0 C:\xampp\htdocs\tripilar\app\Views\templates\v_header.php(12): CodeIgniter\Debug\Exceptions->errorHandler(2, 'Undefined varia...', 'C:\\xampp\\htdocs...', 12)
#1 C:\xampp\htdocs\tripilar\system\View\View.php(210): include('C:\\xampp\\htdocs...')
#2 C:\xampp\htdocs\tripilar\system\View\View.php(213): CodeIgniter\View\View->CodeIgniter\View\{closure}()
#3 C:\xampp\htdocs\tripilar\system\Common.php(1089): CodeIgniter\View\View->render('templates/v_hea...', Array, true)
#4 C:\xampp\htdocs\tripilar\app\Controllers\barang.php(26): view('templates/v_hea...', Array)
#5 C:\xampp\htdocs\tripilar\system\CodeIgniter.php(832): App\Controllers\barang->index()
#6 C:\xampp\htdocs\tripilar\system\CodeIgniter.php(419): CodeIgniter\CodeIgniter->runController(Object(App\Controllers\barang))
#7 C:\xampp\htdocs\tripilar\system\CodeIgniter.php(326): CodeIgniter\CodeIgniter->handleRequest(NULL, Object(Config\Cache), false)
#8 C:\xampp\htdocs\tripilar\public\index.php(37): CodeIgniter\CodeIgniter->run()
#9 {main}
CRITICAL - 2022-03-05 09:05:55 --> Undefined variable $judul
#0 C:\xampp\htdocs\tripilar\app\Views\templates\v_header.php(12): CodeIgniter\Debug\Exceptions->errorHandler(2, 'Undefined varia...', 'C:\\xampp\\htdocs...', 12)
#1 C:\xampp\htdocs\tripilar\system\View\View.php(210): include('C:\\xampp\\htdocs...')
#2 C:\xampp\htdocs\tripilar\system\View\View.php(213): CodeIgniter\View\View->CodeIgniter\View\{closure}()
#3 C:\xampp\htdocs\tripilar\system\Common.php(1089): CodeIgniter\View\View->render('templates/v_hea...', Array, true)
#4 C:\xampp\htdocs\tripilar\app\Controllers\barang.php(26): view('templates/v_hea...', Array)
#5 C:\xampp\htdocs\tripilar\system\CodeIgniter.php(832): App\Controllers\barang->index()
#6 C:\xampp\htdocs\tripilar\system\CodeIgniter.php(419): CodeIgniter\CodeIgniter->runController(Object(App\Controllers\barang))
#7 C:\xampp\htdocs\tripilar\system\CodeIgniter.php(326): CodeIgniter\CodeIgniter->handleRequest(NULL, Object(Config\Cache), false)
#8 C:\xampp\htdocs\tripilar\public\index.php(37): CodeIgniter\CodeIgniter->run()
#9 {main}
CRITICAL - 2022-03-05 09:05:55 --> Undefined variable $judul
#0 C:\xampp\htdocs\tripilar\app\Views\templates\v_header.php(12): CodeIgniter\Debug\Exceptions->errorHandler(2, 'Undefined varia...', 'C:\\xampp\\htdocs...', 12)
#1 C:\xampp\htdocs\tripilar\system\View\View.php(210): include('C:\\xampp\\htdocs...')
#2 C:\xampp\htdocs\tripilar\system\View\View.php(213): CodeIgniter\View\View->CodeIgniter\View\{closure}()
#3 C:\xampp\htdocs\tripilar\system\Common.php(1089): CodeIgniter\View\View->render('templates/v_hea...', Array, true)
#4 C:\xampp\htdocs\tripilar\app\Controllers\barang.php(26): view('templates/v_hea...', Array)
#5 C:\xampp\htdocs\tripilar\system\CodeIgniter.php(832): App\Controllers\barang->index()
#6 C:\xampp\htdocs\tripilar\system\CodeIgniter.php(419): CodeIgniter\CodeIgniter->runController(Object(App\Controllers\barang))
#7 C:\xampp\htdocs\tripilar\system\CodeIgniter.php(326): CodeIgniter\CodeIgniter->handleRequest(NULL, Object(Config\Cache), false)
#8 C:\xampp\htdocs\tripilar\public\index.php(37): CodeIgniter\CodeIgniter->run()
#9 {main}
CRITICAL - 2022-03-05 09:05:56 --> Undefined variable $judul
#0 C:\xampp\htdocs\tripilar\app\Views\templates\v_header.php(12): CodeIgniter\Debug\Exceptions->errorHandler(2, 'Undefined varia...', 'C:\\xampp\\htdocs...', 12)
#1 C:\xampp\htdocs\tripilar\system\View\View.php(210): include('C:\\xampp\\htdocs...')
#2 C:\xampp\htdocs\tripilar\system\View\View.php(213): CodeIgniter\View\View->CodeIgniter\View\{closure}()
#3 C:\xampp\htdocs\tripilar\system\Common.php(1089): CodeIgniter\View\View->render('templates/v_hea...', Array, true)
#4 C:\xampp\htdocs\tripilar\app\Controllers\barang.php(26): view('templates/v_hea...', Array)
#5 C:\xampp\htdocs\tripilar\system\CodeIgniter.php(832): App\Controllers\barang->index()
#6 C:\xampp\htdocs\tripilar\system\CodeIgniter.php(419): CodeIgniter\CodeIgniter->runController(Object(App\Controllers\barang))
#7 C:\xampp\htdocs\tripilar\system\CodeIgniter.php(326): CodeIgniter\CodeIgniter->handleRequest(NULL, Object(Config\Cache), false)
#8 C:\xampp\htdocs\tripilar\public\index.php(37): CodeIgniter\CodeIgniter->run()
#9 {main}
CRITICAL - 2022-03-05 09:05:56 --> Undefined variable $judul
#0 C:\xampp\htdocs\tripilar\app\Views\templates\v_header.php(12): CodeIgniter\Debug\Exceptions->errorHandler(2, 'Undefined varia...', 'C:\\xampp\\htdocs...', 12)
#1 C:\xampp\htdocs\tripilar\system\View\View.php(210): include('C:\\xampp\\htdocs...')
#2 C:\xampp\htdocs\tripilar\system\View\View.php(213): CodeIgniter\View\View->CodeIgniter\View\{closure}()
#3 C:\xampp\htdocs\tripilar\system\Common.php(1089): CodeIgniter\View\View->render('templates/v_hea...', Array, true)
#4 C:\xampp\htdocs\tripilar\app\Controllers\barang.php(26): view('templates/v_hea...', Array)
#5 C:\xampp\htdocs\tripilar\system\CodeIgniter.php(832): App\Controllers\barang->index()
#6 C:\xampp\htdocs\tripilar\system\CodeIgniter.php(419): CodeIgniter\CodeIgniter->runController(Object(App\Controllers\barang))
#7 C:\xampp\htdocs\tripilar\system\CodeIgniter.php(326): CodeIgniter\CodeIgniter->handleRequest(NULL, Object(Config\Cache), false)
#8 C:\xampp\htdocs\tripilar\public\index.php(37): CodeIgniter\CodeIgniter->run()
#9 {main}
CRITICAL - 2022-03-05 09:08:18 --> Call to undefined method App\Models\M_Barang::getAllData
#0 C:\xampp\htdocs\tripilar\app\Controllers\barang.php(24): CodeIgniter\Model->__call('getAllData', Array)
#1 C:\xampp\htdocs\tripilar\system\CodeIgniter.php(832): App\Controllers\barang->index()
#2 C:\xampp\htdocs\tripilar\system\CodeIgniter.php(419): CodeIgniter\CodeIgniter->runController(Object(App\Controllers\barang))
#3 C:\xampp\htdocs\tripilar\system\CodeIgniter.php(326): CodeIgniter\CodeIgniter->handleRequest(NULL, Object(Config\Cache), false)
#4 C:\xampp\htdocs\tripilar\public\index.php(37): CodeIgniter\CodeIgniter->run()
#5 {main}
CRITICAL - 2022-03-05 09:08:19 --> Call to undefined method App\Models\M_Barang::getAllData
#0 C:\xampp\htdocs\tripilar\app\Controllers\barang.php(24): CodeIgniter\Model->__call('getAllData', Array)
#1 C:\xampp\htdocs\tripilar\system\CodeIgniter.php(832): App\Controllers\barang->index()
#2 C:\xampp\htdocs\tripilar\system\CodeIgniter.php(419): CodeIgniter\CodeIgniter->runController(Object(App\Controllers\barang))
#3 C:\xampp\htdocs\tripilar\system\CodeIgniter.php(326): CodeIgniter\CodeIgniter->handleRequest(NULL, Object(Config\Cache), false)
#4 C:\xampp\htdocs\tripilar\public\index.php(37): CodeIgniter\CodeIgniter->run()
#5 {main}
CRITICAL - 2022-03-05 09:09:19 --> Undefined variable $dataBarang
#0 C:\xampp\htdocs\tripilar\app\Views\barang\index.php(28): CodeIgniter\Debug\Exceptions->errorHandler(2, 'Undefined varia...', 'C:\\xampp\\htdocs...', 28)
#1 C:\xampp\htdocs\tripilar\system\View\View.php(210): include('C:\\xampp\\htdocs...')
#2 C:\xampp\htdocs\tripilar\system\View\View.php(213): CodeIgniter\View\View->CodeIgniter\View\{closure}()
#3 C:\xampp\htdocs\tripilar\system\Common.php(1089): CodeIgniter\View\View->render('barang/index', Array, true)
#4 C:\xampp\htdocs\tripilar\app\Controllers\barang.php(30): view('barang/index', Array)
#5 C:\xampp\htdocs\tripilar\system\CodeIgniter.php(832): App\Controllers\barang->index()
#6 C:\xampp\htdocs\tripilar\system\CodeIgniter.php(419): CodeIgniter\CodeIgniter->runController(Object(App\Controllers\barang))
#7 C:\xampp\htdocs\tripilar\system\CodeIgniter.php(326): CodeIgniter\CodeIgniter->handleRequest(NULL, Object(Config\Cache), false)
#8 C:\xampp\htdocs\tripilar\public\index.php(37): CodeIgniter\CodeIgniter->run()
#9 {main}
CRITICAL - 2022-03-05 09:09:22 --> Undefined variable $dataBarang
#0 C:\xampp\htdocs\tripilar\app\Views\barang\index.php(28): CodeIgniter\Debug\Exceptions->errorHandler(2, 'Undefined varia...', 'C:\\xampp\\htdocs...', 28)
#1 C:\xampp\htdocs\tripilar\system\View\View.php(210): include('C:\\xampp\\htdocs...')
#2 C:\xampp\htdocs\tripilar\system\View\View.php(213): CodeIgniter\View\View->CodeIgniter\View\{closure}()
#3 C:\xampp\htdocs\tripilar\system\Common.php(1089): CodeIgniter\View\View->render('barang/index', Array, true)
#4 C:\xampp\htdocs\tripilar\app\Controllers\barang.php(30): view('barang/index', Array)
#5 C:\xampp\htdocs\tripilar\system\CodeIgniter.php(832): App\Controllers\barang->index()
#6 C:\xampp\htdocs\tripilar\system\CodeIgniter.php(419): CodeIgniter\CodeIgniter->runController(Object(App\Controllers\barang))
#7 C:\xampp\htdocs\tripilar\system\CodeIgniter.php(326): CodeIgniter\CodeIgniter->handleRequest(NULL, Object(Config\Cache), false)
#8 C:\xampp\htdocs\tripilar\public\index.php(37): CodeIgniter\CodeIgniter->run()
#9 {main}
CRITICAL - 2022-03-05 09:17:50 --> You must set the database table to be used with your query.
#0 C:\xampp\htdocs\tripilar\system\Model.php(545): CodeIgniter\Database\BaseConnection->table(NULL)
#1 C:\xampp\htdocs\tripilar\system\Model.php(176): CodeIgniter\Model->builder()
#2 C:\xampp\htdocs\tripilar\system\BaseModel.php(584): CodeIgniter\Model->doFindAll(0, 0)
#3 C:\xampp\htdocs\tripilar\app\Controllers\barang.php(24): CodeIgniter\BaseModel->findAll()
#4 C:\xampp\htdocs\tripilar\system\CodeIgniter.php(832): App\Controllers\barang->index()
#5 C:\xampp\htdocs\tripilar\system\CodeIgniter.php(419): CodeIgniter\CodeIgniter->runController(Object(App\Controllers\barang))
#6 C:\xampp\htdocs\tripilar\system\CodeIgniter.php(326): CodeIgniter\CodeIgniter->handleRequest(NULL, Object(Config\Cache), false)
#7 C:\xampp\htdocs\tripilar\public\index.php(37): CodeIgniter\CodeIgniter->run()
#8 {main}
CRITICAL - 2022-03-05 10:15:54 --> syntax error, unexpected single-quoted string "IsSoftware", expecting "," or ";"
#0 C:\xampp\htdocs\tripilar\system\View\View.php(213): CodeIgniter\View\View->CodeIgniter\View\{closure}()
#1 C:\xampp\htdocs\tripilar\system\Common.php(1089): CodeIgniter\View\View->render('barang/index', Array, true)
#2 C:\xampp\htdocs\tripilar\app\Controllers\barang.php(30): view('barang/index', Array)
#3 C:\xampp\htdocs\tripilar\system\CodeIgniter.php(832): App\Controllers\barang->index()
#4 C:\xampp\htdocs\tripilar\system\CodeIgniter.php(419): CodeIgniter\CodeIgniter->runController(Object(App\Controllers\barang))
#5 C:\xampp\htdocs\tripilar\system\CodeIgniter.php(326): CodeIgniter\CodeIgniter->handleRequest(NULL, Object(Config\Cache), false)
#6 C:\xampp\htdocs\tripilar\public\index.php(37): CodeIgniter\CodeIgniter->run()
#7 {main}
CRITICAL - 2022-03-05 10:34:42 --> CodeIgniter\Database\BaseResult::getResult(): Argument #1 ($type) must be of type string, null given, called in C:\xampp\htdocs\tripilar\system\Model.php on line 184
#0 C:\xampp\htdocs\tripilar\system\Model.php(184): CodeIgniter\Database\BaseResult->getResult(NULL)
#1 C:\xampp\htdocs\tripilar\system\BaseModel.php(584): CodeIgniter\Model->doFindAll(0, 0)
#2 C:\xampp\htdocs\tripilar\app\Controllers\barang.php(25): CodeIgniter\BaseModel->findAll()
#3 C:\xampp\htdocs\tripilar\system\CodeIgniter.php(832): App\Controllers\barang->index()
#4 C:\xampp\htdocs\tripilar\system\CodeIgniter.php(419): CodeIgniter\CodeIgniter->runController(Object(App\Controllers\barang))
#5 C:\xampp\htdocs\tripilar\system\CodeIgniter.php(326): CodeIgniter\CodeIgniter->handleRequest(NULL, Object(Config\Cache), false)
#6 C:\xampp\htdocs\tripilar\public\index.php(37): CodeIgniter\CodeIgniter->run()
#7 {main}
CRITICAL - 2022-03-05 10:42:33 --> Array to string conversion
#0 C:\xampp\htdocs\tripilar\app\Views\barang\index.php(30): CodeIgniter\Debug\Exceptions->errorHandler(2, 'Array to string...', 'C:\\xampp\\htdocs...', 30)
#1 C:\xampp\htdocs\tripilar\system\View\View.php(210): include('C:\\xampp\\htdocs...')
#2 C:\xampp\htdocs\tripilar\system\View\View.php(213): CodeIgniter\View\View->CodeIgniter\View\{closure}()
#3 C:\xampp\htdocs\tripilar\system\Common.php(1089): CodeIgniter\View\View->render('barang/index', Array, true)
#4 C:\xampp\htdocs\tripilar\app\Controllers\barang.php(31): view('barang/index', Array)
#5 C:\xampp\htdocs\tripilar\system\CodeIgniter.php(832): App\Controllers\barang->index()
#6 C:\xampp\htdocs\tripilar\system\CodeIgniter.php(419): CodeIgniter\CodeIgniter->runController(Object(App\Controllers\barang))
#7 C:\xampp\htdocs\tripilar\system\CodeIgniter.php(326): CodeIgniter\CodeIgniter->handleRequest(NULL, Object(Config\Cache), false)
#8 C:\xampp\htdocs\tripilar\public\index.php(37): CodeIgniter\CodeIgniter->run()
#9 {main}
CRITICAL - 2022-03-05 10:45:22 --> Call to undefined method App\Models\M_Barang::getVar
#0 C:\xampp\htdocs\tripilar\app\Controllers\barang.php(25): CodeIgniter\Model->__call('getVar', Array)
#1 C:\xampp\htdocs\tripilar\system\CodeIgniter.php(832): App\Controllers\barang->index()
#2 C:\xampp\htdocs\tripilar\system\CodeIgniter.php(419): CodeIgniter\CodeIgniter->runController(Object(App\Controllers\barang))
#3 C:\xampp\htdocs\tripilar\system\CodeIgniter.php(326): CodeIgniter\CodeIgniter->handleRequest(NULL, Object(Config\Cache), false)
#4 C:\xampp\htdocs\tripilar\public\index.php(37): CodeIgniter\CodeIgniter->run()
#5 {main}
CRITICAL - 2022-03-05 11:11:34 --> Undefined variable $dataBarang
#0 C:\xampp\htdocs\tripilar\app\Views\barang\index.php(28): CodeIgniter\Debug\Exceptions->errorHandler(2, 'Undefined varia...', 'C:\\xampp\\htdocs...', 28)
#1 C:\xampp\htdocs\tripilar\system\View\View.php(210): include('C:\\xampp\\htdocs...')
#2 C:\xampp\htdocs\tripilar\system\View\View.php(213): CodeIgniter\View\View->CodeIgniter\View\{closure}()
#3 C:\xampp\htdocs\tripilar\system\Common.php(1089): CodeIgniter\View\View->render('barang/index', Array, true)
#4 C:\xampp\htdocs\tripilar\app\Controllers\barang.php(29): view('barang/index', Array, Array)
#5 C:\xampp\htdocs\tripilar\system\CodeIgniter.php(832): App\Controllers\barang->index()
#6 C:\xampp\htdocs\tripilar\system\CodeIgniter.php(419): CodeIgniter\CodeIgniter->runController(Object(App\Controllers\barang))
#7 C:\xampp\htdocs\tripilar\system\CodeIgniter.php(326): CodeIgniter\CodeIgniter->handleRequest(NULL, Object(Config\Cache), false)
#8 C:\xampp\htdocs\tripilar\public\index.php(37): CodeIgniter\CodeIgniter->run()
#9 {main}
CRITICAL - 2022-03-05 11:47:29 --> Undefined property: App\Controllers\barang::$M_Barang
#0 C:\xampp\htdocs\tripilar\app\Controllers\barang.php(18): CodeIgniter\Debug\Exceptions->errorHandler(2, 'Undefined prope...', 'C:\\xampp\\htdocs...', 18)
#1 C:\xampp\htdocs\tripilar\system\CodeIgniter.php(832): App\Controllers\barang->index()
#2 C:\xampp\htdocs\tripilar\system\CodeIgniter.php(419): CodeIgniter\CodeIgniter->runController(Object(App\Controllers\barang))
#3 C:\xampp\htdocs\tripilar\system\CodeIgniter.php(326): CodeIgniter\CodeIgniter->handleRequest(NULL, Object(Config\Cache), false)
#4 C:\xampp\htdocs\tripilar\public\index.php(37): CodeIgniter\CodeIgniter->run()
#5 {main}
CRITICAL - 2022-03-05 22:16:03 --> CodeIgniter\Database\BaseResult::getResult(): Argument #1 ($type) must be of type string, null given, called in C:\xampp\htdocs\tripilar\system\Model.php on line 184
#0 C:\xampp\htdocs\tripilar\system\Model.php(184): CodeIgniter\Database\BaseResult->getResult(NULL)
#1 C:\xampp\htdocs\tripilar\system\BaseModel.php(584): CodeIgniter\Model->doFindAll(0, 0)
#2 C:\xampp\htdocs\tripilar\app\Controllers\barang.php(18): CodeIgniter\BaseModel->findAll()
#3 C:\xampp\htdocs\tripilar\system\CodeIgniter.php(832): App\Controllers\barang->index()
#4 C:\xampp\htdocs\tripilar\system\CodeIgniter.php(419): CodeIgniter\CodeIgniter->runController(Object(App\Controllers\barang))
#5 C:\xampp\htdocs\tripilar\system\CodeIgniter.php(326): CodeIgniter\CodeIgniter->handleRequest(NULL, Object(Config\Cache), false)
#6 C:\xampp\htdocs\tripilar\public\index.php(37): CodeIgniter\CodeIgniter->run()
#7 {main}
CRITICAL - 2022-03-05 22:17:35 --> You must set the database table to be used with your query.
#0 C:\xampp\htdocs\tripilar\system\Model.php(545): CodeIgniter\Database\BaseConnection->table(NULL)
#1 C:\xampp\htdocs\tripilar\system\Model.php(176): CodeIgniter\Model->builder()
#2 C:\xampp\htdocs\tripilar\system\BaseModel.php(584): CodeIgniter\Model->doFindAll(0, 0)
#3 C:\xampp\htdocs\tripilar\app\Controllers\barang.php(18): CodeIgniter\BaseModel->findAll()
#4 C:\xampp\htdocs\tripilar\system\CodeIgniter.php(832): App\Controllers\barang->index()
#5 C:\xampp\htdocs\tripilar\system\CodeIgniter.php(419): CodeIgniter\CodeIgniter->runController(Object(App\Controllers\barang))
#6 C:\xampp\htdocs\tripilar\system\CodeIgniter.php(326): CodeIgniter\CodeIgniter->handleRequest(NULL, Object(Config\Cache), false)
#7 C:\xampp\htdocs\tripilar\public\index.php(37): CodeIgniter\CodeIgniter->run()
#8 {main}
CRITICAL - 2022-03-05 22:34:48 --> You must set the database table to be used with your query.
#0 C:\xampp\htdocs\tripilar\system\Model.php(545): CodeIgniter\Database\BaseConnection->table(NULL)
#1 C:\xampp\htdocs\tripilar\system\Model.php(176): CodeIgniter\Model->builder()
#2 C:\xampp\htdocs\tripilar\system\BaseModel.php(584): CodeIgniter\Model->doFindAll(0, 0)
#3 C:\xampp\htdocs\tripilar\app\Controllers\barang.php(18): CodeIgniter\BaseModel->findAll()
#4 C:\xampp\htdocs\tripilar\system\CodeIgniter.php(832): App\Controllers\barang->index()
#5 C:\xampp\htdocs\tripilar\system\CodeIgniter.php(419): CodeIgniter\CodeIgniter->runController(Object(App\Controllers\barang))
#6 C:\xampp\htdocs\tripilar\system\CodeIgniter.php(326): CodeIgniter\CodeIgniter->handleRequest(NULL, Object(Config\Cache), false)
#7 C:\xampp\htdocs\tripilar\public\index.php(37): CodeIgniter\CodeIgniter->run()
#8 {main}
ERROR - 2022-03-05 22:46:29 --> Column 'Usr_Teknisi' cannot be null
CRITICAL - 2022-03-05 22:46:29 --> Column 'Usr_Teknisi' cannot be null
#0 C:\xampp\htdocs\tripilar\system\Database\MySQLi\Connection.php(292): mysqli->query('INSERT INTO `ba...', 0)
#1 C:\xampp\htdocs\tripilar\system\Database\BaseConnection.php(670): CodeIgniter\Database\MySQLi\Connection->execute('INSERT INTO `ba...')
#2 C:\xampp\htdocs\tripilar\system\Database\BaseConnection.php(598): CodeIgniter\Database\BaseConnection->simpleQuery('INSERT INTO `ba...')
#3 C:\xampp\htdocs\tripilar\system\Database\BaseBuilder.php(1771): CodeIgniter\Database\BaseConnection->query('INSERT INTO `ba...', Array, false)
#4 C:\xampp\htdocs\tripilar\app\Models\M_Barang.php(22): CodeIgniter\Database\BaseBuilder->insert(Array)
#5 C:\xampp\htdocs\tripilar\app\Controllers\barang.php(46): App\Models\M_Barang->tambah(Array)
#6 C:\xampp\htdocs\tripilar\system\CodeIgniter.php(832): App\Controllers\barang->tambah()
#7 C:\xampp\htdocs\tripilar\system\CodeIgniter.php(419): CodeIgniter\CodeIgniter->runController(Object(App\Controllers\barang))
#8 C:\xampp\htdocs\tripilar\system\CodeIgniter.php(326): CodeIgniter\CodeIgniter->handleRequest(NULL, Object(Config\Cache), false)
#9 C:\xampp\htdocs\tripilar\public\index.php(37): CodeIgniter\CodeIgniter->run()
#10 {main}
