CRITICAL - 2022-02-26 11:52:59 --> Undefined variable $judul
#0 C:\xampp\htdocs\tripilar\app\Views\templates\v_header.php(12): CodeIgniter\Debug\Exceptions->errorHandler(2, 'Undefined varia...', 'C:\\xampp\\htdocs...', 12)
#1 C:\xampp\htdocs\tripilar\system\View\View.php(210): include('C:\\xampp\\htdocs...')
#2 C:\xampp\htdocs\tripilar\system\View\View.php(213): CodeIgniter\View\View->CodeIgniter\View\{closure}()
#3 C:\xampp\htdocs\tripilar\system\Common.php(1089): CodeIgniter\View\View->render('templates/v_hea...', Array, true)
#4 C:\xampp\htdocs\tripilar\app\Controllers\Home.php(13): view('templates/v_hea...')
#5 C:\xampp\htdocs\tripilar\system\CodeIgniter.php(832): App\Controllers\Home->index()
#6 C:\xampp\htdocs\tripilar\system\CodeIgniter.php(419): CodeIgniter\CodeIgniter->runController(Object(App\Controllers\Home))
#7 C:\xampp\htdocs\tripilar\system\CodeIgniter.php(326): CodeIgniter\CodeIgniter->handleRequest(NULL, Object(Config\Cache), false)
#8 C:\xampp\htdocs\tripilar\public\index.php(37): CodeIgniter\CodeIgniter->run()
#9 {main}
CRITICAL - 2022-02-26 21:18:17 --> Undefined array key "IsFinish"
#0 C:\xampp\htdocs\tripilar\app\Views\barang\index.php(34): CodeIgniter\Debug\Exceptions->errorHandler(2, 'Undefined array...', 'C:\\xampp\\htdocs...', 34)
#1 C:\xampp\htdocs\tripilar\system\View\View.php(210): include('C:\\xampp\\htdocs...')
#2 C:\xampp\htdocs\tripilar\system\View\View.php(213): CodeIgniter\View\View->CodeIgniter\View\{closure}()
#3 C:\xampp\htdocs\tripilar\system\Common.php(1089): CodeIgniter\View\View->render('barang/index', Array, true)
#4 C:\xampp\htdocs\tripilar\app\Controllers\barang.php(22): view('barang/index', Array)
#5 C:\xampp\htdocs\tripilar\system\CodeIgniter.php(832): App\Controllers\barang->index()
#6 C:\xampp\htdocs\tripilar\system\CodeIgniter.php(419): CodeIgniter\CodeIgniter->runController(Object(App\Controllers\barang))
#7 C:\xampp\htdocs\tripilar\system\CodeIgniter.php(326): CodeIgniter\CodeIgniter->handleRequest(NULL, Object(Config\Cache), false)
#8 C:\xampp\htdocs\tripilar\public\index.php(37): CodeIgniter\CodeIgniter->run()
#9 {main}
