CRITICAL - 2022-04-17 00:27:46 --> Undefined array key "BKT"
#0 C:\xampp\htdocs\tripilar\app\Views\barang\detail.php(7): CodeIgniter\Debug\Exceptions->errorHandler(2, 'Undefined array...', 'C:\\xampp\\htdocs...', 7)
#1 C:\xampp\htdocs\tripilar\system\View\View.php(210): include('C:\\xampp\\htdocs...')
#2 C:\xampp\htdocs\tripilar\system\View\View.php(213): CodeIgniter\View\View->CodeIgniter\View\{closure}()
#3 C:\xampp\htdocs\tripilar\system\Common.php(1089): CodeIgniter\View\View->render('barang/detail', Array, true)
#4 C:\xampp\htdocs\tripilar\app\Controllers\barang.php(119): view('barang/detail', Array)
#5 C:\xampp\htdocs\tripilar\system\CodeIgniter.php(832): App\Controllers\barang->detail('2')
#6 C:\xampp\htdocs\tripilar\system\CodeIgniter.php(419): CodeIgniter\CodeIgniter->runController(Object(App\Controllers\barang))
#7 C:\xampp\htdocs\tripilar\system\CodeIgniter.php(326): CodeIgniter\CodeIgniter->handleRequest(NULL, Object(Config\Cache), false)
#8 C:\xampp\htdocs\tripilar\public\index.php(37): CodeIgniter\CodeIgniter->run()
#9 C:\xampp\htdocs\tripilar\system\Commands\Server\rewrite.php(43): require_once('C:\\xampp\\htdocs...')
#10 {main}
CRITICAL - 2022-04-17 00:28:32 --> Undefined array key "ID"
#0 C:\xampp\htdocs\tripilar\app\Views\barang\detail.php(7): CodeIgniter\Debug\Exceptions->errorHandler(2, 'Undefined array...', 'C:\\xampp\\htdocs...', 7)
#1 C:\xampp\htdocs\tripilar\system\View\View.php(210): include('C:\\xampp\\htdocs...')
#2 C:\xampp\htdocs\tripilar\system\View\View.php(213): CodeIgniter\View\View->CodeIgniter\View\{closure}()
#3 C:\xampp\htdocs\tripilar\system\Common.php(1089): CodeIgniter\View\View->render('barang/detail', Array, true)
#4 C:\xampp\htdocs\tripilar\app\Controllers\barang.php(119): view('barang/detail', Array)
#5 C:\xampp\htdocs\tripilar\system\CodeIgniter.php(832): App\Controllers\barang->detail('2')
#6 C:\xampp\htdocs\tripilar\system\CodeIgniter.php(419): CodeIgniter\CodeIgniter->runController(Object(App\Controllers\barang))
#7 C:\xampp\htdocs\tripilar\system\CodeIgniter.php(326): CodeIgniter\CodeIgniter->handleRequest(NULL, Object(Config\Cache), false)
#8 C:\xampp\htdocs\tripilar\public\index.php(37): CodeIgniter\CodeIgniter->run()
#9 C:\xampp\htdocs\tripilar\system\Commands\Server\rewrite.php(43): require_once('C:\\xampp\\htdocs...')
#10 {main}
CRITICAL - 2022-04-17 00:28:33 --> Undefined array key "ID"
#0 C:\xampp\htdocs\tripilar\app\Views\barang\detail.php(7): CodeIgniter\Debug\Exceptions->errorHandler(2, 'Undefined array...', 'C:\\xampp\\htdocs...', 7)
#1 C:\xampp\htdocs\tripilar\system\View\View.php(210): include('C:\\xampp\\htdocs...')
#2 C:\xampp\htdocs\tripilar\system\View\View.php(213): CodeIgniter\View\View->CodeIgniter\View\{closure}()
#3 C:\xampp\htdocs\tripilar\system\Common.php(1089): CodeIgniter\View\View->render('barang/detail', Array, true)
#4 C:\xampp\htdocs\tripilar\app\Controllers\barang.php(119): view('barang/detail', Array)
#5 C:\xampp\htdocs\tripilar\system\CodeIgniter.php(832): App\Controllers\barang->detail('2')
#6 C:\xampp\htdocs\tripilar\system\CodeIgniter.php(419): CodeIgniter\CodeIgniter->runController(Object(App\Controllers\barang))
#7 C:\xampp\htdocs\tripilar\system\CodeIgniter.php(326): CodeIgniter\CodeIgniter->handleRequest(NULL, Object(Config\Cache), false)
#8 C:\xampp\htdocs\tripilar\public\index.php(37): CodeIgniter\CodeIgniter->run()
#9 C:\xampp\htdocs\tripilar\system\Commands\Server\rewrite.php(43): require_once('C:\\xampp\\htdocs...')
#10 {main}
CRITICAL - 2022-04-17 00:28:34 --> Undefined array key "ID"
#0 C:\xampp\htdocs\tripilar\app\Views\barang\detail.php(7): CodeIgniter\Debug\Exceptions->errorHandler(2, 'Undefined array...', 'C:\\xampp\\htdocs...', 7)
#1 C:\xampp\htdocs\tripilar\system\View\View.php(210): include('C:\\xampp\\htdocs...')
#2 C:\xampp\htdocs\tripilar\system\View\View.php(213): CodeIgniter\View\View->CodeIgniter\View\{closure}()
#3 C:\xampp\htdocs\tripilar\system\Common.php(1089): CodeIgniter\View\View->render('barang/detail', Array, true)
#4 C:\xampp\htdocs\tripilar\app\Controllers\barang.php(119): view('barang/detail', Array)
#5 C:\xampp\htdocs\tripilar\system\CodeIgniter.php(832): App\Controllers\barang->detail('2')
#6 C:\xampp\htdocs\tripilar\system\CodeIgniter.php(419): CodeIgniter\CodeIgniter->runController(Object(App\Controllers\barang))
#7 C:\xampp\htdocs\tripilar\system\CodeIgniter.php(326): CodeIgniter\CodeIgniter->handleRequest(NULL, Object(Config\Cache), false)
#8 C:\xampp\htdocs\tripilar\public\index.php(37): CodeIgniter\CodeIgniter->run()
#9 C:\xampp\htdocs\tripilar\system\Commands\Server\rewrite.php(43): require_once('C:\\xampp\\htdocs...')
#10 {main}
CRITICAL - 2022-04-17 00:28:35 --> Undefined array key "ID"
#0 C:\xampp\htdocs\tripilar\app\Views\barang\detail.php(7): CodeIgniter\Debug\Exceptions->errorHandler(2, 'Undefined array...', 'C:\\xampp\\htdocs...', 7)
#1 C:\xampp\htdocs\tripilar\system\View\View.php(210): include('C:\\xampp\\htdocs...')
#2 C:\xampp\htdocs\tripilar\system\View\View.php(213): CodeIgniter\View\View->CodeIgniter\View\{closure}()
#3 C:\xampp\htdocs\tripilar\system\Common.php(1089): CodeIgniter\View\View->render('barang/detail', Array, true)
#4 C:\xampp\htdocs\tripilar\app\Controllers\barang.php(119): view('barang/detail', Array)
#5 C:\xampp\htdocs\tripilar\system\CodeIgniter.php(832): App\Controllers\barang->detail('2')
#6 C:\xampp\htdocs\tripilar\system\CodeIgniter.php(419): CodeIgniter\CodeIgniter->runController(Object(App\Controllers\barang))
#7 C:\xampp\htdocs\tripilar\system\CodeIgniter.php(326): CodeIgniter\CodeIgniter->handleRequest(NULL, Object(Config\Cache), false)
#8 C:\xampp\htdocs\tripilar\public\index.php(37): CodeIgniter\CodeIgniter->run()
#9 C:\xampp\htdocs\tripilar\system\Commands\Server\rewrite.php(43): require_once('C:\\xampp\\htdocs...')
#10 {main}
CRITICAL - 2022-04-17 00:28:35 --> Undefined array key "ID"
#0 C:\xampp\htdocs\tripilar\app\Views\barang\detail.php(7): CodeIgniter\Debug\Exceptions->errorHandler(2, 'Undefined array...', 'C:\\xampp\\htdocs...', 7)
#1 C:\xampp\htdocs\tripilar\system\View\View.php(210): include('C:\\xampp\\htdocs...')
#2 C:\xampp\htdocs\tripilar\system\View\View.php(213): CodeIgniter\View\View->CodeIgniter\View\{closure}()
#3 C:\xampp\htdocs\tripilar\system\Common.php(1089): CodeIgniter\View\View->render('barang/detail', Array, true)
#4 C:\xampp\htdocs\tripilar\app\Controllers\barang.php(119): view('barang/detail', Array)
#5 C:\xampp\htdocs\tripilar\system\CodeIgniter.php(832): App\Controllers\barang->detail('2')
#6 C:\xampp\htdocs\tripilar\system\CodeIgniter.php(419): CodeIgniter\CodeIgniter->runController(Object(App\Controllers\barang))
#7 C:\xampp\htdocs\tripilar\system\CodeIgniter.php(326): CodeIgniter\CodeIgniter->handleRequest(NULL, Object(Config\Cache), false)
#8 C:\xampp\htdocs\tripilar\public\index.php(37): CodeIgniter\CodeIgniter->run()
#9 C:\xampp\htdocs\tripilar\system\Commands\Server\rewrite.php(43): require_once('C:\\xampp\\htdocs...')
#10 {main}
CRITICAL - 2022-04-17 00:28:36 --> Undefined array key "ID"
#0 C:\xampp\htdocs\tripilar\app\Views\barang\detail.php(7): CodeIgniter\Debug\Exceptions->errorHandler(2, 'Undefined array...', 'C:\\xampp\\htdocs...', 7)
#1 C:\xampp\htdocs\tripilar\system\View\View.php(210): include('C:\\xampp\\htdocs...')
#2 C:\xampp\htdocs\tripilar\system\View\View.php(213): CodeIgniter\View\View->CodeIgniter\View\{closure}()
#3 C:\xampp\htdocs\tripilar\system\Common.php(1089): CodeIgniter\View\View->render('barang/detail', Array, true)
#4 C:\xampp\htdocs\tripilar\app\Controllers\barang.php(119): view('barang/detail', Array)
#5 C:\xampp\htdocs\tripilar\system\CodeIgniter.php(832): App\Controllers\barang->detail('2')
#6 C:\xampp\htdocs\tripilar\system\CodeIgniter.php(419): CodeIgniter\CodeIgniter->runController(Object(App\Controllers\barang))
#7 C:\xampp\htdocs\tripilar\system\CodeIgniter.php(326): CodeIgniter\CodeIgniter->handleRequest(NULL, Object(Config\Cache), false)
#8 C:\xampp\htdocs\tripilar\public\index.php(37): CodeIgniter\CodeIgniter->run()
#9 C:\xampp\htdocs\tripilar\system\Commands\Server\rewrite.php(43): require_once('C:\\xampp\\htdocs...')
#10 {main}
CRITICAL - 2022-04-17 00:28:36 --> Undefined array key "ID"
#0 C:\xampp\htdocs\tripilar\app\Views\barang\detail.php(7): CodeIgniter\Debug\Exceptions->errorHandler(2, 'Undefined array...', 'C:\\xampp\\htdocs...', 7)
#1 C:\xampp\htdocs\tripilar\system\View\View.php(210): include('C:\\xampp\\htdocs...')
#2 C:\xampp\htdocs\tripilar\system\View\View.php(213): CodeIgniter\View\View->CodeIgniter\View\{closure}()
#3 C:\xampp\htdocs\tripilar\system\Common.php(1089): CodeIgniter\View\View->render('barang/detail', Array, true)
#4 C:\xampp\htdocs\tripilar\app\Controllers\barang.php(119): view('barang/detail', Array)
#5 C:\xampp\htdocs\tripilar\system\CodeIgniter.php(832): App\Controllers\barang->detail('2')
#6 C:\xampp\htdocs\tripilar\system\CodeIgniter.php(419): CodeIgniter\CodeIgniter->runController(Object(App\Controllers\barang))
#7 C:\xampp\htdocs\tripilar\system\CodeIgniter.php(326): CodeIgniter\CodeIgniter->handleRequest(NULL, Object(Config\Cache), false)
#8 C:\xampp\htdocs\tripilar\public\index.php(37): CodeIgniter\CodeIgniter->run()
#9 C:\xampp\htdocs\tripilar\system\Commands\Server\rewrite.php(43): require_once('C:\\xampp\\htdocs...')
#10 {main}
CRITICAL - 2022-04-17 00:32:10 --> Undefined array key "BKT"
#0 C:\xampp\htdocs\tripilar\app\Views\barang\detail.php(7): CodeIgniter\Debug\Exceptions->errorHandler(2, 'Undefined array...', 'C:\\xampp\\htdocs...', 7)
#1 C:\xampp\htdocs\tripilar\system\View\View.php(210): include('C:\\xampp\\htdocs...')
#2 C:\xampp\htdocs\tripilar\system\View\View.php(213): CodeIgniter\View\View->CodeIgniter\View\{closure}()
#3 C:\xampp\htdocs\tripilar\system\Common.php(1089): CodeIgniter\View\View->render('barang/detail', Array, true)
#4 C:\xampp\htdocs\tripilar\app\Controllers\barang.php(119): view('barang/detail', Array)
#5 C:\xampp\htdocs\tripilar\system\CodeIgniter.php(832): App\Controllers\barang->detail('2')
#6 C:\xampp\htdocs\tripilar\system\CodeIgniter.php(419): CodeIgniter\CodeIgniter->runController(Object(App\Controllers\barang))
#7 C:\xampp\htdocs\tripilar\system\CodeIgniter.php(326): CodeIgniter\CodeIgniter->handleRequest(NULL, Object(Config\Cache), false)
#8 C:\xampp\htdocs\tripilar\public\index.php(37): CodeIgniter\CodeIgniter->run()
#9 C:\xampp\htdocs\tripilar\system\Commands\Server\rewrite.php(43): require_once('C:\\xampp\\htdocs...')
#10 {main}
CRITICAL - 2022-04-17 00:35:30 --> Undefined array key "BKT"
#0 C:\xampp\htdocs\tripilar\app\Views\barang\detail.php(7): CodeIgniter\Debug\Exceptions->errorHandler(2, 'Undefined array...', 'C:\\xampp\\htdocs...', 7)
#1 C:\xampp\htdocs\tripilar\system\View\View.php(210): include('C:\\xampp\\htdocs...')
#2 C:\xampp\htdocs\tripilar\system\View\View.php(213): CodeIgniter\View\View->CodeIgniter\View\{closure}()
#3 C:\xampp\htdocs\tripilar\system\Common.php(1089): CodeIgniter\View\View->render('barang/detail', Array, true)
#4 C:\xampp\htdocs\tripilar\app\Controllers\barang.php(119): view('barang/detail', Array)
#5 C:\xampp\htdocs\tripilar\system\CodeIgniter.php(832): App\Controllers\barang->detail('2')
#6 C:\xampp\htdocs\tripilar\system\CodeIgniter.php(419): CodeIgniter\CodeIgniter->runController(Object(App\Controllers\barang))
#7 C:\xampp\htdocs\tripilar\system\CodeIgniter.php(326): CodeIgniter\CodeIgniter->handleRequest(NULL, Object(Config\Cache), false)
#8 C:\xampp\htdocs\tripilar\public\index.php(37): CodeIgniter\CodeIgniter->run()
#9 C:\xampp\htdocs\tripilar\system\Commands\Server\rewrite.php(43): require_once('C:\\xampp\\htdocs...')
#10 {main}
CRITICAL - 2022-04-17 00:35:33 --> Undefined array key "BKT"
#0 C:\xampp\htdocs\tripilar\app\Views\barang\detail.php(7): CodeIgniter\Debug\Exceptions->errorHandler(2, 'Undefined array...', 'C:\\xampp\\htdocs...', 7)
#1 C:\xampp\htdocs\tripilar\system\View\View.php(210): include('C:\\xampp\\htdocs...')
#2 C:\xampp\htdocs\tripilar\system\View\View.php(213): CodeIgniter\View\View->CodeIgniter\View\{closure}()
#3 C:\xampp\htdocs\tripilar\system\Common.php(1089): CodeIgniter\View\View->render('barang/detail', Array, true)
#4 C:\xampp\htdocs\tripilar\app\Controllers\barang.php(119): view('barang/detail', Array)
#5 C:\xampp\htdocs\tripilar\system\CodeIgniter.php(832): App\Controllers\barang->detail('2')
#6 C:\xampp\htdocs\tripilar\system\CodeIgniter.php(419): CodeIgniter\CodeIgniter->runController(Object(App\Controllers\barang))
#7 C:\xampp\htdocs\tripilar\system\CodeIgniter.php(326): CodeIgniter\CodeIgniter->handleRequest(NULL, Object(Config\Cache), false)
#8 C:\xampp\htdocs\tripilar\public\index.php(37): CodeIgniter\CodeIgniter->run()
#9 C:\xampp\htdocs\tripilar\system\Commands\Server\rewrite.php(43): require_once('C:\\xampp\\htdocs...')
#10 {main}
CRITICAL - 2022-04-17 00:36:12 --> Undefined array key "BKT"
#0 C:\xampp\htdocs\tripilar\app\Views\barang\detail.php(7): CodeIgniter\Debug\Exceptions->errorHandler(2, 'Undefined array...', 'C:\\xampp\\htdocs...', 7)
#1 C:\xampp\htdocs\tripilar\system\View\View.php(210): include('C:\\xampp\\htdocs...')
#2 C:\xampp\htdocs\tripilar\system\View\View.php(213): CodeIgniter\View\View->CodeIgniter\View\{closure}()
#3 C:\xampp\htdocs\tripilar\system\Common.php(1089): CodeIgniter\View\View->render('barang/detail', Array, true)
#4 C:\xampp\htdocs\tripilar\app\Controllers\barang.php(119): view('barang/detail', Array)
#5 C:\xampp\htdocs\tripilar\system\CodeIgniter.php(832): App\Controllers\barang->detail('2')
#6 C:\xampp\htdocs\tripilar\system\CodeIgniter.php(419): CodeIgniter\CodeIgniter->runController(Object(App\Controllers\barang))
#7 C:\xampp\htdocs\tripilar\system\CodeIgniter.php(326): CodeIgniter\CodeIgniter->handleRequest(NULL, Object(Config\Cache), false)
#8 C:\xampp\htdocs\tripilar\public\index.php(37): CodeIgniter\CodeIgniter->run()
#9 C:\xampp\htdocs\tripilar\system\Commands\Server\rewrite.php(43): require_once('C:\\xampp\\htdocs...')
#10 {main}
CRITICAL - 2022-04-17 00:36:15 --> Undefined array key "BKT"
#0 C:\xampp\htdocs\tripilar\app\Views\barang\detail.php(7): CodeIgniter\Debug\Exceptions->errorHandler(2, 'Undefined array...', 'C:\\xampp\\htdocs...', 7)
#1 C:\xampp\htdocs\tripilar\system\View\View.php(210): include('C:\\xampp\\htdocs...')
#2 C:\xampp\htdocs\tripilar\system\View\View.php(213): CodeIgniter\View\View->CodeIgniter\View\{closure}()
#3 C:\xampp\htdocs\tripilar\system\Common.php(1089): CodeIgniter\View\View->render('barang/detail', Array, true)
#4 C:\xampp\htdocs\tripilar\app\Controllers\barang.php(119): view('barang/detail', Array)
#5 C:\xampp\htdocs\tripilar\system\CodeIgniter.php(832): App\Controllers\barang->detail('2')
#6 C:\xampp\htdocs\tripilar\system\CodeIgniter.php(419): CodeIgniter\CodeIgniter->runController(Object(App\Controllers\barang))
#7 C:\xampp\htdocs\tripilar\system\CodeIgniter.php(326): CodeIgniter\CodeIgniter->handleRequest(NULL, Object(Config\Cache), false)
#8 C:\xampp\htdocs\tripilar\public\index.php(37): CodeIgniter\CodeIgniter->run()
#9 C:\xampp\htdocs\tripilar\system\Commands\Server\rewrite.php(43): require_once('C:\\xampp\\htdocs...')
#10 {main}
CRITICAL - 2022-04-17 00:39:00 --> You must set the database table to be used with your query.
#0 C:\xampp\htdocs\tripilar\system\Model.php(545): CodeIgniter\Database\BaseConnection->table(NULL)
#1 C:\xampp\htdocs\tripilar\system\Model.php(722): CodeIgniter\Model->builder()
#2 C:\xampp\htdocs\tripilar\app\Models\M_Barang.php(25): CodeIgniter\Model->__call('where', Array)
#3 C:\xampp\htdocs\tripilar\app\Controllers\barang.php(114): App\Models\M_Barang->getBarang('2')
#4 C:\xampp\htdocs\tripilar\system\CodeIgniter.php(832): App\Controllers\barang->detail('2')
#5 C:\xampp\htdocs\tripilar\system\CodeIgniter.php(419): CodeIgniter\CodeIgniter->runController(Object(App\Controllers\barang))
#6 C:\xampp\htdocs\tripilar\system\CodeIgniter.php(326): CodeIgniter\CodeIgniter->handleRequest(NULL, Object(Config\Cache), false)
#7 C:\xampp\htdocs\tripilar\public\index.php(37): CodeIgniter\CodeIgniter->run()
#8 C:\xampp\htdocs\tripilar\system\Commands\Server\rewrite.php(43): require_once('C:\\xampp\\htdocs...')
#9 {main}
CRITICAL - 2022-04-17 00:40:12 --> You must set the database table to be used with your query.
#0 C:\xampp\htdocs\tripilar\system\Model.php(545): CodeIgniter\Database\BaseConnection->table(NULL)
#1 C:\xampp\htdocs\tripilar\system\Model.php(722): CodeIgniter\Model->builder()
#2 C:\xampp\htdocs\tripilar\app\Models\M_Barang.php(25): CodeIgniter\Model->__call('where', Array)
#3 C:\xampp\htdocs\tripilar\app\Controllers\barang.php(114): App\Models\M_Barang->getBarang('2')
#4 C:\xampp\htdocs\tripilar\system\CodeIgniter.php(832): App\Controllers\barang->detail('2')
#5 C:\xampp\htdocs\tripilar\system\CodeIgniter.php(419): CodeIgniter\CodeIgniter->runController(Object(App\Controllers\barang))
#6 C:\xampp\htdocs\tripilar\system\CodeIgniter.php(326): CodeIgniter\CodeIgniter->handleRequest(NULL, Object(Config\Cache), false)
#7 C:\xampp\htdocs\tripilar\public\index.php(37): CodeIgniter\CodeIgniter->run()
#8 C:\xampp\htdocs\tripilar\system\Commands\Server\rewrite.php(43): require_once('C:\\xampp\\htdocs...')
#9 {main}
CRITICAL - 2022-04-17 00:40:15 --> You must set the database table to be used with your query.
#0 C:\xampp\htdocs\tripilar\system\Model.php(545): CodeIgniter\Database\BaseConnection->table(NULL)
#1 C:\xampp\htdocs\tripilar\system\Model.php(722): CodeIgniter\Model->builder()
#2 C:\xampp\htdocs\tripilar\app\Models\M_Barang.php(25): CodeIgniter\Model->__call('where', Array)
#3 C:\xampp\htdocs\tripilar\app\Controllers\barang.php(114): App\Models\M_Barang->getBarang('2')
#4 C:\xampp\htdocs\tripilar\system\CodeIgniter.php(832): App\Controllers\barang->detail('2')
#5 C:\xampp\htdocs\tripilar\system\CodeIgniter.php(419): CodeIgniter\CodeIgniter->runController(Object(App\Controllers\barang))
#6 C:\xampp\htdocs\tripilar\system\CodeIgniter.php(326): CodeIgniter\CodeIgniter->handleRequest(NULL, Object(Config\Cache), false)
#7 C:\xampp\htdocs\tripilar\public\index.php(37): CodeIgniter\CodeIgniter->run()
#8 C:\xampp\htdocs\tripilar\system\Commands\Server\rewrite.php(43): require_once('C:\\xampp\\htdocs...')
#9 {main}
CRITICAL - 2022-04-17 00:44:31 --> Cannot use object of type stdClass as array
#0 C:\xampp\htdocs\tripilar\system\View\View.php(210): include()
#1 C:\xampp\htdocs\tripilar\system\View\View.php(213): CodeIgniter\View\View->CodeIgniter\View\{closure}()
#2 C:\xampp\htdocs\tripilar\system\Common.php(1089): CodeIgniter\View\View->render('barang/detail', Array, true)
#3 C:\xampp\htdocs\tripilar\app\Controllers\barang.php(119): view('barang/detail', Array)
#4 C:\xampp\htdocs\tripilar\system\CodeIgniter.php(832): App\Controllers\barang->detail('2')
#5 C:\xampp\htdocs\tripilar\system\CodeIgniter.php(419): CodeIgniter\CodeIgniter->runController(Object(App\Controllers\barang))
#6 C:\xampp\htdocs\tripilar\system\CodeIgniter.php(326): CodeIgniter\CodeIgniter->handleRequest(NULL, Object(Config\Cache), false)
#7 C:\xampp\htdocs\tripilar\public\index.php(37): CodeIgniter\CodeIgniter->run()
#8 C:\xampp\htdocs\tripilar\system\Commands\Server\rewrite.php(43): require_once('C:\\xampp\\htdocs...')
#9 {main}
CRITICAL - 2022-04-17 00:47:08 --> Cannot use object of type stdClass as array
#0 C:\xampp\htdocs\tripilar\system\View\View.php(210): include()
#1 C:\xampp\htdocs\tripilar\system\View\View.php(213): CodeIgniter\View\View->CodeIgniter\View\{closure}()
#2 C:\xampp\htdocs\tripilar\system\Common.php(1089): CodeIgniter\View\View->render('barang/detail', Array, true)
#3 C:\xampp\htdocs\tripilar\app\Controllers\barang.php(119): view('barang/detail', Array)
#4 C:\xampp\htdocs\tripilar\system\CodeIgniter.php(832): App\Controllers\barang->detail('2')
#5 C:\xampp\htdocs\tripilar\system\CodeIgniter.php(419): CodeIgniter\CodeIgniter->runController(Object(App\Controllers\barang))
#6 C:\xampp\htdocs\tripilar\system\CodeIgniter.php(326): CodeIgniter\CodeIgniter->handleRequest(NULL, Object(Config\Cache), false)
#7 C:\xampp\htdocs\tripilar\public\index.php(37): CodeIgniter\CodeIgniter->run()
#8 C:\xampp\htdocs\tripilar\system\Commands\Server\rewrite.php(43): require_once('C:\\xampp\\htdocs...')
#9 {main}
CRITICAL - 2022-04-17 01:50:41 --> Too few arguments to function App\Controllers\barang::delete(), 0 passed in C:\xampp\htdocs\tripilar\system\CodeIgniter.php on line 832 and exactly 1 expected
#0 C:\xampp\htdocs\tripilar\system\CodeIgniter.php(832): App\Controllers\barang->delete()
#1 C:\xampp\htdocs\tripilar\system\CodeIgniter.php(419): CodeIgniter\CodeIgniter->runController(Object(App\Controllers\barang))
#2 C:\xampp\htdocs\tripilar\system\CodeIgniter.php(326): CodeIgniter\CodeIgniter->handleRequest(NULL, Object(Config\Cache), false)
#3 C:\xampp\htdocs\tripilar\public\index.php(37): CodeIgniter\CodeIgniter->run()
#4 C:\xampp\htdocs\tripilar\system\Commands\Server\rewrite.php(43): require_once('C:\\xampp\\htdocs...')
#5 {main}
CRITICAL - 2022-04-17 01:52:27 --> You must set the database table to be used with your query.
#0 C:\xampp\htdocs\tripilar\system\Model.php(545): CodeIgniter\Database\BaseConnection->table(NULL)
#1 C:\xampp\htdocs\tripilar\system\Model.php(333): CodeIgniter\Model->builder()
#2 C:\xampp\htdocs\tripilar\system\BaseModel.php(963): CodeIgniter\Model->doDelete(Array, false)
#3 C:\xampp\htdocs\tripilar\app\Controllers\barang.php(123): CodeIgniter\BaseModel->delete(Array)
#4 C:\xampp\htdocs\tripilar\system\CodeIgniter.php(832): App\Controllers\barang->delete('2')
#5 C:\xampp\htdocs\tripilar\system\CodeIgniter.php(419): CodeIgniter\CodeIgniter->runController(Object(App\Controllers\barang))
#6 C:\xampp\htdocs\tripilar\system\CodeIgniter.php(326): CodeIgniter\CodeIgniter->handleRequest(NULL, Object(Config\Cache), false)
#7 C:\xampp\htdocs\tripilar\public\index.php(37): CodeIgniter\CodeIgniter->run()
#8 C:\xampp\htdocs\tripilar\system\Commands\Server\rewrite.php(43): require_once('C:\\xampp\\htdocs...')
#9 {main}
CRITICAL - 2022-04-17 01:56:00 --> You must set the database table to be used with your query.
#0 C:\xampp\htdocs\tripilar\system\Model.php(545): CodeIgniter\Database\BaseConnection->table(NULL)
#1 C:\xampp\htdocs\tripilar\system\Model.php(333): CodeIgniter\Model->builder()
#2 C:\xampp\htdocs\tripilar\system\BaseModel.php(963): CodeIgniter\Model->doDelete(Array, false)
#3 C:\xampp\htdocs\tripilar\app\Controllers\barang.php(123): CodeIgniter\BaseModel->delete(Array)
#4 C:\xampp\htdocs\tripilar\system\CodeIgniter.php(832): App\Controllers\barang->delete('3')
#5 C:\xampp\htdocs\tripilar\system\CodeIgniter.php(419): CodeIgniter\CodeIgniter->runController(Object(App\Controllers\barang))
#6 C:\xampp\htdocs\tripilar\system\CodeIgniter.php(326): CodeIgniter\CodeIgniter->handleRequest(NULL, Object(Config\Cache), false)
#7 C:\xampp\htdocs\tripilar\public\index.php(37): CodeIgniter\CodeIgniter->run()
#8 C:\xampp\htdocs\tripilar\system\Commands\Server\rewrite.php(43): require_once('C:\\xampp\\htdocs...')
#9 {main}
CRITICAL - 2022-04-17 02:03:30 --> Too few arguments to function App\Controllers\barang::delete(), 0 passed in C:\xampp\htdocs\tripilar\system\CodeIgniter.php on line 832 and exactly 1 expected
#0 C:\xampp\htdocs\tripilar\system\CodeIgniter.php(832): App\Controllers\barang->delete()
#1 C:\xampp\htdocs\tripilar\system\CodeIgniter.php(419): CodeIgniter\CodeIgniter->runController(Object(App\Controllers\barang))
#2 C:\xampp\htdocs\tripilar\system\CodeIgniter.php(326): CodeIgniter\CodeIgniter->handleRequest(NULL, Object(Config\Cache), false)
#3 C:\xampp\htdocs\tripilar\public\index.php(37): CodeIgniter\CodeIgniter->run()
#4 C:\xampp\htdocs\tripilar\system\Commands\Server\rewrite.php(43): require_once('C:\\xampp\\htdocs...')
#5 {main}
CRITICAL - 2022-04-17 02:04:05 --> Too few arguments to function App\Controllers\barang::delete(), 0 passed in C:\xampp\htdocs\tripilar\system\CodeIgniter.php on line 832 and exactly 1 expected
#0 C:\xampp\htdocs\tripilar\system\CodeIgniter.php(832): App\Controllers\barang->delete()
#1 C:\xampp\htdocs\tripilar\system\CodeIgniter.php(419): CodeIgniter\CodeIgniter->runController(Object(App\Controllers\barang))
#2 C:\xampp\htdocs\tripilar\system\CodeIgniter.php(326): CodeIgniter\CodeIgniter->handleRequest(NULL, Object(Config\Cache), false)
#3 C:\xampp\htdocs\tripilar\public\index.php(37): CodeIgniter\CodeIgniter->run()
#4 C:\xampp\htdocs\tripilar\system\Commands\Server\rewrite.php(43): require_once('C:\\xampp\\htdocs...')
#5 {main}
CRITICAL - 2022-04-17 02:04:10 --> Too few arguments to function App\Controllers\barang::delete(), 0 passed in C:\xampp\htdocs\tripilar\system\CodeIgniter.php on line 832 and exactly 1 expected
#0 C:\xampp\htdocs\tripilar\system\CodeIgniter.php(832): App\Controllers\barang->delete()
#1 C:\xampp\htdocs\tripilar\system\CodeIgniter.php(419): CodeIgniter\CodeIgniter->runController(Object(App\Controllers\barang))
#2 C:\xampp\htdocs\tripilar\system\CodeIgniter.php(326): CodeIgniter\CodeIgniter->handleRequest(NULL, Object(Config\Cache), false)
#3 C:\xampp\htdocs\tripilar\public\index.php(37): CodeIgniter\CodeIgniter->run()
#4 C:\xampp\htdocs\tripilar\system\Commands\Server\rewrite.php(43): require_once('C:\\xampp\\htdocs...')
#5 {main}
CRITICAL - 2022-04-17 02:19:10 --> You must set the database table to be used with your query.
#0 C:\xampp\htdocs\tripilar\system\Model.php(545): CodeIgniter\Database\BaseConnection->table(NULL)
#1 C:\xampp\htdocs\tripilar\system\Model.php(333): CodeIgniter\Model->builder()
#2 C:\xampp\htdocs\tripilar\system\BaseModel.php(963): CodeIgniter\Model->doDelete(Array, false)
#3 C:\xampp\htdocs\tripilar\app\Controllers\barang.php(123): CodeIgniter\BaseModel->delete(Array)
#4 C:\xampp\htdocs\tripilar\system\CodeIgniter.php(832): App\Controllers\barang->delete('2')
#5 C:\xampp\htdocs\tripilar\system\CodeIgniter.php(419): CodeIgniter\CodeIgniter->runController(Object(App\Controllers\barang))
#6 C:\xampp\htdocs\tripilar\system\CodeIgniter.php(326): CodeIgniter\CodeIgniter->handleRequest(NULL, Object(Config\Cache), false)
#7 C:\xampp\htdocs\tripilar\public\index.php(37): CodeIgniter\CodeIgniter->run()
#8 C:\xampp\htdocs\tripilar\system\Commands\Server\rewrite.php(43): require_once('C:\\xampp\\htdocs...')
#9 {main}
CRITICAL - 2022-04-17 02:22:20 --> You must set the database table to be used with your query.
#0 C:\xampp\htdocs\tripilar\system\Model.php(545): CodeIgniter\Database\BaseConnection->table(NULL)
#1 C:\xampp\htdocs\tripilar\system\Model.php(333): CodeIgniter\Model->builder()
#2 C:\xampp\htdocs\tripilar\system\BaseModel.php(963): CodeIgniter\Model->doDelete(Array, false)
#3 C:\xampp\htdocs\tripilar\app\Controllers\barang.php(123): CodeIgniter\BaseModel->delete(Array)
#4 C:\xampp\htdocs\tripilar\system\CodeIgniter.php(832): App\Controllers\barang->delete('2')
#5 C:\xampp\htdocs\tripilar\system\CodeIgniter.php(419): CodeIgniter\CodeIgniter->runController(Object(App\Controllers\barang))
#6 C:\xampp\htdocs\tripilar\system\CodeIgniter.php(326): CodeIgniter\CodeIgniter->handleRequest(NULL, Object(Config\Cache), false)
#7 C:\xampp\htdocs\tripilar\public\index.php(37): CodeIgniter\CodeIgniter->run()
#8 C:\xampp\htdocs\tripilar\system\Commands\Server\rewrite.php(43): require_once('C:\\xampp\\htdocs...')
#9 {main}
CRITICAL - 2022-04-17 02:23:09 --> You must set the database table to be used with your query.
#0 C:\xampp\htdocs\tripilar\system\Model.php(545): CodeIgniter\Database\BaseConnection->table(NULL)
#1 C:\xampp\htdocs\tripilar\system\Model.php(333): CodeIgniter\Model->builder()
#2 C:\xampp\htdocs\tripilar\system\BaseModel.php(963): CodeIgniter\Model->doDelete(Array, false)
#3 C:\xampp\htdocs\tripilar\app\Controllers\barang.php(123): CodeIgniter\BaseModel->delete(Array)
#4 C:\xampp\htdocs\tripilar\system\CodeIgniter.php(832): App\Controllers\barang->delete('2')
#5 C:\xampp\htdocs\tripilar\system\CodeIgniter.php(419): CodeIgniter\CodeIgniter->runController(Object(App\Controllers\barang))
#6 C:\xampp\htdocs\tripilar\system\CodeIgniter.php(326): CodeIgniter\CodeIgniter->handleRequest(NULL, Object(Config\Cache), false)
#7 C:\xampp\htdocs\tripilar\public\index.php(37): CodeIgniter\CodeIgniter->run()
#8 C:\xampp\htdocs\tripilar\system\Commands\Server\rewrite.php(43): require_once('C:\\xampp\\htdocs...')
#9 {main}
CRITICAL - 2022-04-17 02:23:16 --> You must set the database table to be used with your query.
#0 C:\xampp\htdocs\tripilar\system\Model.php(545): CodeIgniter\Database\BaseConnection->table(NULL)
#1 C:\xampp\htdocs\tripilar\system\Model.php(333): CodeIgniter\Model->builder()
#2 C:\xampp\htdocs\tripilar\system\BaseModel.php(963): CodeIgniter\Model->doDelete(Array, false)
#3 C:\xampp\htdocs\tripilar\app\Controllers\barang.php(123): CodeIgniter\BaseModel->delete(Array)
#4 C:\xampp\htdocs\tripilar\system\CodeIgniter.php(832): App\Controllers\barang->delete('2')
#5 C:\xampp\htdocs\tripilar\system\CodeIgniter.php(419): CodeIgniter\CodeIgniter->runController(Object(App\Controllers\barang))
#6 C:\xampp\htdocs\tripilar\system\CodeIgniter.php(326): CodeIgniter\CodeIgniter->handleRequest(NULL, Object(Config\Cache), false)
#7 C:\xampp\htdocs\tripilar\public\index.php(37): CodeIgniter\CodeIgniter->run()
#8 C:\xampp\htdocs\tripilar\system\Commands\Server\rewrite.php(43): require_once('C:\\xampp\\htdocs...')
#9 {main}
CRITICAL - 2022-04-17 02:27:38 --> You must set the database table to be used with your query.
#0 C:\xampp\htdocs\tripilar\system\Model.php(545): CodeIgniter\Database\BaseConnection->table(NULL)
#1 C:\xampp\htdocs\tripilar\system\Model.php(333): CodeIgniter\Model->builder()
#2 C:\xampp\htdocs\tripilar\system\BaseModel.php(963): CodeIgniter\Model->doDelete(Array, false)
#3 C:\xampp\htdocs\tripilar\app\Controllers\barang.php(123): CodeIgniter\BaseModel->delete(Array)
#4 C:\xampp\htdocs\tripilar\system\CodeIgniter.php(832): App\Controllers\barang->delete('2')
#5 C:\xampp\htdocs\tripilar\system\CodeIgniter.php(419): CodeIgniter\CodeIgniter->runController(Object(App\Controllers\barang))
#6 C:\xampp\htdocs\tripilar\system\CodeIgniter.php(326): CodeIgniter\CodeIgniter->handleRequest(NULL, Object(Config\Cache), false)
#7 C:\xampp\htdocs\tripilar\public\index.php(37): CodeIgniter\CodeIgniter->run()
#8 C:\xampp\htdocs\tripilar\system\Commands\Server\rewrite.php(43): require_once('C:\\xampp\\htdocs...')
#9 {main}
