CRITICAL - 2022-04-16 23:50:20 --> Undefined array key "Tgl_input"
#0 C:\xampp\htdocs\tripilar\app\Views\barang\index.php(29): CodeIgniter\Debug\Exceptions->errorHandler(2, 'Undefined array...', 'C:\\xampp\\htdocs...', 29)
#1 C:\xampp\htdocs\tripilar\system\View\View.php(210): include('C:\\xampp\\htdocs...')
#2 C:\xampp\htdocs\tripilar\system\View\View.php(213): CodeIgniter\View\View->CodeIgniter\View\{closure}()
#3 C:\xampp\htdocs\tripilar\system\Common.php(1089): CodeIgniter\View\View->render('barang/index', Array, true)
#4 C:\xampp\htdocs\tripilar\app\Controllers\barang.php(29): view('barang/index', Array)
#5 C:\xampp\htdocs\tripilar\system\CodeIgniter.php(832): App\Controllers\barang->index()
#6 C:\xampp\htdocs\tripilar\system\CodeIgniter.php(419): CodeIgniter\CodeIgniter->runController(Object(App\Controllers\barang))
#7 C:\xampp\htdocs\tripilar\system\CodeIgniter.php(326): CodeIgniter\CodeIgniter->handleRequest(NULL, Object(Config\Cache), false)
#8 C:\xampp\htdocs\tripilar\public\index.php(37): CodeIgniter\CodeIgniter->run()
#9 C:\xampp\htdocs\tripilar\system\Commands\Server\rewrite.php(43): require_once('C:\\xampp\\htdocs...')
#10 {main}
CRITICAL - 2022-04-16 23:51:53 --> Undefined variable $mlaporankerusakan
#0 C:\xampp\htdocs\tripilar\app\Views\barang\index.php(26): CodeIgniter\Debug\Exceptions->errorHandler(2, 'Undefined varia...', 'C:\\xampp\\htdocs...', 26)
#1 C:\xampp\htdocs\tripilar\system\View\View.php(210): include('C:\\xampp\\htdocs...')
#2 C:\xampp\htdocs\tripilar\system\View\View.php(213): CodeIgniter\View\View->CodeIgniter\View\{closure}()
#3 C:\xampp\htdocs\tripilar\system\Common.php(1089): CodeIgniter\View\View->render('barang/index', Array, true)
#4 C:\xampp\htdocs\tripilar\app\Controllers\barang.php(29): view('barang/index', Array)
#5 C:\xampp\htdocs\tripilar\system\CodeIgniter.php(832): App\Controllers\barang->index()
#6 C:\xampp\htdocs\tripilar\system\CodeIgniter.php(419): CodeIgniter\CodeIgniter->runController(Object(App\Controllers\barang))
#7 C:\xampp\htdocs\tripilar\system\CodeIgniter.php(326): CodeIgniter\CodeIgniter->handleRequest(NULL, Object(Config\Cache), false)
#8 C:\xampp\htdocs\tripilar\public\index.php(37): CodeIgniter\CodeIgniter->run()
#9 C:\xampp\htdocs\tripilar\system\Commands\Server\rewrite.php(43): require_once('C:\\xampp\\htdocs...')
#10 {main}
CRITICAL - 2022-04-16 23:51:54 --> Undefined variable $mlaporankerusakan
#0 C:\xampp\htdocs\tripilar\app\Views\barang\index.php(26): CodeIgniter\Debug\Exceptions->errorHandler(2, 'Undefined varia...', 'C:\\xampp\\htdocs...', 26)
#1 C:\xampp\htdocs\tripilar\system\View\View.php(210): include('C:\\xampp\\htdocs...')
#2 C:\xampp\htdocs\tripilar\system\View\View.php(213): CodeIgniter\View\View->CodeIgniter\View\{closure}()
#3 C:\xampp\htdocs\tripilar\system\Common.php(1089): CodeIgniter\View\View->render('barang/index', Array, true)
#4 C:\xampp\htdocs\tripilar\app\Controllers\barang.php(29): view('barang/index', Array)
#5 C:\xampp\htdocs\tripilar\system\CodeIgniter.php(832): App\Controllers\barang->index()
#6 C:\xampp\htdocs\tripilar\system\CodeIgniter.php(419): CodeIgniter\CodeIgniter->runController(Object(App\Controllers\barang))
#7 C:\xampp\htdocs\tripilar\system\CodeIgniter.php(326): CodeIgniter\CodeIgniter->handleRequest(NULL, Object(Config\Cache), false)
#8 C:\xampp\htdocs\tripilar\public\index.php(37): CodeIgniter\CodeIgniter->run()
#9 C:\xampp\htdocs\tripilar\system\Commands\Server\rewrite.php(43): require_once('C:\\xampp\\htdocs...')
#10 {main}
CRITICAL - 2022-04-16 23:51:56 --> Undefined variable $mlaporankerusakan
#0 C:\xampp\htdocs\tripilar\app\Views\barang\index.php(26): CodeIgniter\Debug\Exceptions->errorHandler(2, 'Undefined varia...', 'C:\\xampp\\htdocs...', 26)
#1 C:\xampp\htdocs\tripilar\system\View\View.php(210): include('C:\\xampp\\htdocs...')
#2 C:\xampp\htdocs\tripilar\system\View\View.php(213): CodeIgniter\View\View->CodeIgniter\View\{closure}()
#3 C:\xampp\htdocs\tripilar\system\Common.php(1089): CodeIgniter\View\View->render('barang/index', Array, true)
#4 C:\xampp\htdocs\tripilar\app\Controllers\barang.php(29): view('barang/index', Array)
#5 C:\xampp\htdocs\tripilar\system\CodeIgniter.php(832): App\Controllers\barang->index()
#6 C:\xampp\htdocs\tripilar\system\CodeIgniter.php(419): CodeIgniter\CodeIgniter->runController(Object(App\Controllers\barang))
#7 C:\xampp\htdocs\tripilar\system\CodeIgniter.php(326): CodeIgniter\CodeIgniter->handleRequest(NULL, Object(Config\Cache), false)
#8 C:\xampp\htdocs\tripilar\public\index.php(37): CodeIgniter\CodeIgniter->run()
#9 C:\xampp\htdocs\tripilar\system\Commands\Server\rewrite.php(43): require_once('C:\\xampp\\htdocs...')
#10 {main}
CRITICAL - 2022-04-16 23:53:29 --> Undefined array key "Tgl_input"
#0 C:\xampp\htdocs\tripilar\app\Views\barang\index.php(29): CodeIgniter\Debug\Exceptions->errorHandler(2, 'Undefined array...', 'C:\\xampp\\htdocs...', 29)
#1 C:\xampp\htdocs\tripilar\system\View\View.php(210): include('C:\\xampp\\htdocs...')
#2 C:\xampp\htdocs\tripilar\system\View\View.php(213): CodeIgniter\View\View->CodeIgniter\View\{closure}()
#3 C:\xampp\htdocs\tripilar\system\Common.php(1089): CodeIgniter\View\View->render('barang/index', Array, true)
#4 C:\xampp\htdocs\tripilar\app\Controllers\barang.php(29): view('barang/index', Array)
#5 C:\xampp\htdocs\tripilar\system\CodeIgniter.php(832): App\Controllers\barang->index()
#6 C:\xampp\htdocs\tripilar\system\CodeIgniter.php(419): CodeIgniter\CodeIgniter->runController(Object(App\Controllers\barang))
#7 C:\xampp\htdocs\tripilar\system\CodeIgniter.php(326): CodeIgniter\CodeIgniter->handleRequest(NULL, Object(Config\Cache), false)
#8 C:\xampp\htdocs\tripilar\public\index.php(37): CodeIgniter\CodeIgniter->run()
#9 C:\xampp\htdocs\tripilar\system\Commands\Server\rewrite.php(43): require_once('C:\\xampp\\htdocs...')
#10 {main}
CRITICAL - 2022-04-16 23:54:49 --> You must set the database table to be used with your query.
#0 C:\xampp\htdocs\tripilar\system\Model.php(545): CodeIgniter\Database\BaseConnection->table(NULL)
#1 C:\xampp\htdocs\tripilar\system\Model.php(722): CodeIgniter\Model->builder()
#2 C:\xampp\htdocs\tripilar\app\Controllers\barang.php(88): CodeIgniter\Model->__call('getTahun', Array)
#3 C:\xampp\htdocs\tripilar\system\CodeIgniter.php(832): App\Controllers\barang->teknisi()
#4 C:\xampp\htdocs\tripilar\system\CodeIgniter.php(419): CodeIgniter\CodeIgniter->runController(Object(App\Controllers\barang))
#5 C:\xampp\htdocs\tripilar\system\CodeIgniter.php(326): CodeIgniter\CodeIgniter->handleRequest(NULL, Object(Config\Cache), false)
#6 C:\xampp\htdocs\tripilar\public\index.php(37): CodeIgniter\CodeIgniter->run()
#7 C:\xampp\htdocs\tripilar\system\Commands\Server\rewrite.php(43): require_once('C:\\xampp\\htdocs...')
#8 {main}
CRITICAL - 2022-04-16 23:57:03 --> Undefined variable $barang
#0 C:\xampp\htdocs\tripilar\app\Views\barang\teknisi.php(46): CodeIgniter\Debug\Exceptions->errorHandler(2, 'Undefined varia...', 'C:\\xampp\\htdocs...', 46)
#1 C:\xampp\htdocs\tripilar\system\View\View.php(210): include('C:\\xampp\\htdocs...')
#2 C:\xampp\htdocs\tripilar\system\View\View.php(213): CodeIgniter\View\View->CodeIgniter\View\{closure}()
#3 C:\xampp\htdocs\tripilar\system\Common.php(1089): CodeIgniter\View\View->render('barang/teknisi', Array, true)
#4 C:\xampp\htdocs\tripilar\app\Controllers\barang.php(92): view('barang/teknisi', Array)
#5 C:\xampp\htdocs\tripilar\system\CodeIgniter.php(832): App\Controllers\barang->teknisi()
#6 C:\xampp\htdocs\tripilar\system\CodeIgniter.php(419): CodeIgniter\CodeIgniter->runController(Object(App\Controllers\barang))
#7 C:\xampp\htdocs\tripilar\system\CodeIgniter.php(326): CodeIgniter\CodeIgniter->handleRequest(NULL, Object(Config\Cache), false)
#8 C:\xampp\htdocs\tripilar\public\index.php(37): CodeIgniter\CodeIgniter->run()
#9 C:\xampp\htdocs\tripilar\system\Commands\Server\rewrite.php(43): require_once('C:\\xampp\\htdocs...')
#10 {main}
CRITICAL - 2022-04-16 23:57:57 --> Undefined array key "IsFinisih"
#0 C:\xampp\htdocs\tripilar\app\Views\barang\teknisi.php(58): CodeIgniter\Debug\Exceptions->errorHandler(2, 'Undefined array...', 'C:\\xampp\\htdocs...', 58)
#1 C:\xampp\htdocs\tripilar\system\View\View.php(210): include('C:\\xampp\\htdocs...')
#2 C:\xampp\htdocs\tripilar\system\View\View.php(213): CodeIgniter\View\View->CodeIgniter\View\{closure}()
#3 C:\xampp\htdocs\tripilar\system\Common.php(1089): CodeIgniter\View\View->render('barang/teknisi', Array, true)
#4 C:\xampp\htdocs\tripilar\app\Controllers\barang.php(93): view('barang/teknisi', Array)
#5 C:\xampp\htdocs\tripilar\system\CodeIgniter.php(832): App\Controllers\barang->teknisi()
#6 C:\xampp\htdocs\tripilar\system\CodeIgniter.php(419): CodeIgniter\CodeIgniter->runController(Object(App\Controllers\barang))
#7 C:\xampp\htdocs\tripilar\system\CodeIgniter.php(326): CodeIgniter\CodeIgniter->handleRequest(NULL, Object(Config\Cache), false)
#8 C:\xampp\htdocs\tripilar\public\index.php(37): CodeIgniter\CodeIgniter->run()
#9 C:\xampp\htdocs\tripilar\system\Commands\Server\rewrite.php(43): require_once('C:\\xampp\\htdocs...')
#10 {main}
