CRITICAL - 2022-04-15 09:35:42 --> Call to a member function send() on null
#0 C:\xampp\htdocs\tripilar\system\CodeIgniter.php(832): Myth\Auth\Controllers\AuthController->attemptRegister()
#1 C:\xampp\htdocs\tripilar\system\CodeIgniter.php(419): CodeIgniter\CodeIgniter->runController(Object(Myth\Auth\Controllers\AuthController))
#2 C:\xampp\htdocs\tripilar\system\CodeIgniter.php(326): CodeIgniter\CodeIgniter->handleRequest(NULL, Object(Config\Cache), false)
#3 C:\xampp\htdocs\tripilar\public\index.php(37): CodeIgniter\CodeIgniter->run()
#4 C:\xampp\htdocs\tripilar\system\Commands\Server\rewrite.php(43): require_once('C:\\xampp\\htdocs...')
#5 {main}
CRITICAL - 2022-04-15 09:39:29 --> Call to a member function send() on null
#0 C:\xampp\htdocs\tripilar\system\CodeIgniter.php(832): Myth\Auth\Controllers\AuthController->attemptRegister()
#1 C:\xampp\htdocs\tripilar\system\CodeIgniter.php(419): CodeIgniter\CodeIgniter->runController(Object(Myth\Auth\Controllers\AuthController))
#2 C:\xampp\htdocs\tripilar\system\CodeIgniter.php(326): CodeIgniter\CodeIgniter->handleRequest(NULL, Object(Config\Cache), false)
#3 C:\xampp\htdocs\tripilar\public\index.php(37): CodeIgniter\CodeIgniter->run()
#4 C:\xampp\htdocs\tripilar\system\Commands\Server\rewrite.php(43): require_once('C:\\xampp\\htdocs...')
#5 {main}
CRITICAL - 2022-04-15 09:40:32 --> Call to a member function send() on null
#0 C:\xampp\htdocs\tripilar\system\CodeIgniter.php(832): Myth\Auth\Controllers\AuthController->attemptRegister()
#1 C:\xampp\htdocs\tripilar\system\CodeIgniter.php(419): CodeIgniter\CodeIgniter->runController(Object(Myth\Auth\Controllers\AuthController))
#2 C:\xampp\htdocs\tripilar\system\CodeIgniter.php(326): CodeIgniter\CodeIgniter->handleRequest(NULL, Object(Config\Cache), false)
#3 C:\xampp\htdocs\tripilar\public\index.php(37): CodeIgniter\CodeIgniter->run()
#4 C:\xampp\htdocs\tripilar\system\Commands\Server\rewrite.php(43): require_once('C:\\xampp\\htdocs...')
#5 {main}
CRITICAL - 2022-04-15 10:35:02 --> Call to a member function send() on null
#0 C:\xampp\htdocs\tripilar\system\CodeIgniter.php(832): Myth\Auth\Controllers\AuthController->resendActivateAccount()
#1 C:\xampp\htdocs\tripilar\system\CodeIgniter.php(419): CodeIgniter\CodeIgniter->runController(Object(Myth\Auth\Controllers\AuthController))
#2 C:\xampp\htdocs\tripilar\system\CodeIgniter.php(326): CodeIgniter\CodeIgniter->handleRequest(NULL, Object(Config\Cache), false)
#3 C:\xampp\htdocs\tripilar\public\index.php(37): CodeIgniter\CodeIgniter->run()
#4 C:\xampp\htdocs\tripilar\system\Commands\Server\rewrite.php(43): require_once('C:\\xampp\\htdocs...')
#5 {main}
CRITICAL - 2022-04-15 10:46:53 --> Undefined property: Myth\Auth\Config\Auth::$passwordValidators
#0 C:\xampp\htdocs\tripilar\app\ThirdParty\myth-auth\src\Authentication\Passwords\PasswordValidator.php(50): CodeIgniter\Debug\Exceptions->errorHandler(2, 'Undefined prope...', 'C:\\xampp\\htdocs...', 50)
#1 C:\xampp\htdocs\tripilar\app\ThirdParty\myth-auth\src\Authentication\Passwords\ValidationRules.php(45): Myth\Auth\Authentication\Passwords\PasswordValidator->check('aaaaaaaaaaaaaaa...', Object(Myth\Auth\Entities\User))
#2 C:\xampp\htdocs\tripilar\system\Validation\Validation.php(291): Myth\Auth\Authentication\Passwords\ValidationRules->strong_password('aaaaaaaaaaaaaaa...', NULL)
#3 C:\xampp\htdocs\tripilar\system\Validation\Validation.php(157): CodeIgniter\Validation\Validation->processRules('password', 'password', 'aaaaaaaaaaaaaaa...', Array, Array)
#4 C:\xampp\htdocs\tripilar\system\Controller.php(160): CodeIgniter\Validation\Validation->run()
#5 C:\xampp\htdocs\tripilar\app\ThirdParty\myth-auth\src\Controllers\AuthController.php(166): CodeIgniter\Controller->validate(Array)
#6 C:\xampp\htdocs\tripilar\system\CodeIgniter.php(832): Myth\Auth\Controllers\AuthController->attemptRegister()
#7 C:\xampp\htdocs\tripilar\system\CodeIgniter.php(419): CodeIgniter\CodeIgniter->runController(Object(Myth\Auth\Controllers\AuthController))
#8 C:\xampp\htdocs\tripilar\system\CodeIgniter.php(326): CodeIgniter\CodeIgniter->handleRequest(NULL, Object(Config\Cache), false)
#9 C:\xampp\htdocs\tripilar\public\index.php(37): CodeIgniter\CodeIgniter->run()
#10 C:\xampp\htdocs\tripilar\system\Commands\Server\rewrite.php(43): require_once('C:\\xampp\\htdocs...')
#11 {main}
CRITICAL - 2022-04-15 10:47:27 --> strtolower(): Passing null to parameter #1 ($string) of type string is deprecated
#0 [internal function]: CodeIgniter\Debug\Exceptions->errorHandler(8192, 'strtolower(): P...', 'C:\\xampp\\htdocs...', 71)
#1 C:\xampp\htdocs\tripilar\app\ThirdParty\myth-auth\src\Authentication\Passwords\NothingPersonalValidator.php(71): strtolower(NULL)
#2 C:\xampp\htdocs\tripilar\app\ThirdParty\myth-auth\src\Authentication\Passwords\NothingPersonalValidator.php(39): Myth\Auth\Authentication\Passwords\NothingPersonalValidator->isNotPersonal('aaaaaaaaaaaaaaa...', Object(Myth\Auth\Entities\User))
#3 C:\xampp\htdocs\tripilar\app\ThirdParty\myth-auth\src\Authentication\Passwords\PasswordValidator.php(55): Myth\Auth\Authentication\Passwords\NothingPersonalValidator->check('aaaaaaaaaaaaaaa...', Object(Myth\Auth\Entities\User))
#4 C:\xampp\htdocs\tripilar\app\ThirdParty\myth-auth\src\Authentication\Passwords\ValidationRules.php(45): Myth\Auth\Authentication\Passwords\PasswordValidator->check('aaaaaaaaaaaaaaa...', Object(Myth\Auth\Entities\User))
#5 C:\xampp\htdocs\tripilar\system\Validation\Validation.php(291): Myth\Auth\Authentication\Passwords\ValidationRules->strong_password('aaaaaaaaaaaaaaa...', NULL)
#6 C:\xampp\htdocs\tripilar\system\Validation\Validation.php(157): CodeIgniter\Validation\Validation->processRules('password', 'password', 'aaaaaaaaaaaaaaa...', Array, Array)
#7 C:\xampp\htdocs\tripilar\system\Controller.php(160): CodeIgniter\Validation\Validation->run()
#8 C:\xampp\htdocs\tripilar\app\ThirdParty\myth-auth\src\Controllers\AuthController.php(166): CodeIgniter\Controller->validate(Array)
#9 C:\xampp\htdocs\tripilar\system\CodeIgniter.php(832): Myth\Auth\Controllers\AuthController->attemptRegister()
#10 C:\xampp\htdocs\tripilar\system\CodeIgniter.php(419): CodeIgniter\CodeIgniter->runController(Object(Myth\Auth\Controllers\AuthController))
#11 C:\xampp\htdocs\tripilar\system\CodeIgniter.php(326): CodeIgniter\CodeIgniter->handleRequest(NULL, Object(Config\Cache), false)
#12 C:\xampp\htdocs\tripilar\public\index.php(37): CodeIgniter\CodeIgniter->run()
#13 C:\xampp\htdocs\tripilar\system\Commands\Server\rewrite.php(43): require_once('C:\\xampp\\htdocs...')
#14 {main}
CRITICAL - 2022-04-15 10:48:29 --> strtolower(): Passing null to parameter #1 ($string) of type string is deprecated
#0 [internal function]: CodeIgniter\Debug\Exceptions->errorHandler(8192, 'strtolower(): P...', 'C:\\xampp\\htdocs...', 71)
#1 C:\xampp\htdocs\tripilar\app\ThirdParty\myth-auth\src\Authentication\Passwords\NothingPersonalValidator.php(71): strtolower(NULL)
#2 C:\xampp\htdocs\tripilar\app\ThirdParty\myth-auth\src\Authentication\Passwords\NothingPersonalValidator.php(39): Myth\Auth\Authentication\Passwords\NothingPersonalValidator->isNotPersonal('123456789uii', Object(Myth\Auth\Entities\User))
#3 C:\xampp\htdocs\tripilar\app\ThirdParty\myth-auth\src\Authentication\Passwords\PasswordValidator.php(55): Myth\Auth\Authentication\Passwords\NothingPersonalValidator->check('123456789uii', Object(Myth\Auth\Entities\User))
#4 C:\xampp\htdocs\tripilar\app\ThirdParty\myth-auth\src\Authentication\Passwords\ValidationRules.php(45): Myth\Auth\Authentication\Passwords\PasswordValidator->check('123456789uii', Object(Myth\Auth\Entities\User))
#5 C:\xampp\htdocs\tripilar\system\Validation\Validation.php(291): Myth\Auth\Authentication\Passwords\ValidationRules->strong_password('123456789uii', NULL)
#6 C:\xampp\htdocs\tripilar\system\Validation\Validation.php(157): CodeIgniter\Validation\Validation->processRules('password', 'password', '123456789uii', Array, Array)
#7 C:\xampp\htdocs\tripilar\system\Controller.php(160): CodeIgniter\Validation\Validation->run()
#8 C:\xampp\htdocs\tripilar\app\ThirdParty\myth-auth\src\Controllers\AuthController.php(166): CodeIgniter\Controller->validate(Array)
#9 C:\xampp\htdocs\tripilar\system\CodeIgniter.php(832): Myth\Auth\Controllers\AuthController->attemptRegister()
#10 C:\xampp\htdocs\tripilar\system\CodeIgniter.php(419): CodeIgniter\CodeIgniter->runController(Object(Myth\Auth\Controllers\AuthController))
#11 C:\xampp\htdocs\tripilar\system\CodeIgniter.php(326): CodeIgniter\CodeIgniter->handleRequest(NULL, Object(Config\Cache), false)
#12 C:\xampp\htdocs\tripilar\public\index.php(37): CodeIgniter\CodeIgniter->run()
#13 C:\xampp\htdocs\tripilar\system\Commands\Server\rewrite.php(43): require_once('C:\\xampp\\htdocs...')
#14 {main}
CRITICAL - 2022-04-15 10:49:45 --> strtolower(): Passing null to parameter #1 ($string) of type string is deprecated
#0 [internal function]: CodeIgniter\Debug\Exceptions->errorHandler(8192, 'strtolower(): P...', 'C:\\xampp\\htdocs...', 71)
#1 C:\xampp\htdocs\tripilar\app\ThirdParty\myth-auth\src\Authentication\Passwords\NothingPersonalValidator.php(71): strtolower(NULL)
#2 C:\xampp\htdocs\tripilar\app\ThirdParty\myth-auth\src\Authentication\Passwords\NothingPersonalValidator.php(39): Myth\Auth\Authentication\Passwords\NothingPersonalValidator->isNotPersonal('123456789uii', Object(Myth\Auth\Entities\User))
#3 C:\xampp\htdocs\tripilar\app\ThirdParty\myth-auth\src\Authentication\Passwords\PasswordValidator.php(55): Myth\Auth\Authentication\Passwords\NothingPersonalValidator->check('123456789uii', Object(Myth\Auth\Entities\User))
#4 C:\xampp\htdocs\tripilar\app\ThirdParty\myth-auth\src\Authentication\Passwords\ValidationRules.php(45): Myth\Auth\Authentication\Passwords\PasswordValidator->check('123456789uii', Object(Myth\Auth\Entities\User))
#5 C:\xampp\htdocs\tripilar\system\Validation\Validation.php(291): Myth\Auth\Authentication\Passwords\ValidationRules->strong_password('123456789uii', NULL)
#6 C:\xampp\htdocs\tripilar\system\Validation\Validation.php(157): CodeIgniter\Validation\Validation->processRules('password', 'password', '123456789uii', Array, Array)
#7 C:\xampp\htdocs\tripilar\system\Controller.php(160): CodeIgniter\Validation\Validation->run()
#8 C:\xampp\htdocs\tripilar\app\ThirdParty\myth-auth\src\Controllers\AuthController.php(166): CodeIgniter\Controller->validate(Array)
#9 C:\xampp\htdocs\tripilar\system\CodeIgniter.php(832): Myth\Auth\Controllers\AuthController->attemptRegister()
#10 C:\xampp\htdocs\tripilar\system\CodeIgniter.php(419): CodeIgniter\CodeIgniter->runController(Object(Myth\Auth\Controllers\AuthController))
#11 C:\xampp\htdocs\tripilar\system\CodeIgniter.php(326): CodeIgniter\CodeIgniter->handleRequest(NULL, Object(Config\Cache), false)
#12 C:\xampp\htdocs\tripilar\public\index.php(37): CodeIgniter\CodeIgniter->run()
#13 C:\xampp\htdocs\tripilar\system\Commands\Server\rewrite.php(43): require_once('C:\\xampp\\htdocs...')
#14 {main}
CRITICAL - 2022-04-15 10:50:00 --> strtolower(): Passing null to parameter #1 ($string) of type string is deprecated
#0 [internal function]: CodeIgniter\Debug\Exceptions->errorHandler(8192, 'strtolower(): P...', 'C:\\xampp\\htdocs...', 71)
#1 C:\xampp\htdocs\tripilar\app\ThirdParty\myth-auth\src\Authentication\Passwords\NothingPersonalValidator.php(71): strtolower(NULL)
#2 C:\xampp\htdocs\tripilar\app\ThirdParty\myth-auth\src\Authentication\Passwords\NothingPersonalValidator.php(39): Myth\Auth\Authentication\Passwords\NothingPersonalValidator->isNotPersonal('<?= base_url();...', Object(Myth\Auth\Entities\User))
#3 C:\xampp\htdocs\tripilar\app\ThirdParty\myth-auth\src\Authentication\Passwords\PasswordValidator.php(55): Myth\Auth\Authentication\Passwords\NothingPersonalValidator->check('<?= base_url();...', Object(Myth\Auth\Entities\User))
#4 C:\xampp\htdocs\tripilar\app\ThirdParty\myth-auth\src\Authentication\Passwords\ValidationRules.php(45): Myth\Auth\Authentication\Passwords\PasswordValidator->check('<?= base_url();...', Object(Myth\Auth\Entities\User))
#5 C:\xampp\htdocs\tripilar\system\Validation\Validation.php(291): Myth\Auth\Authentication\Passwords\ValidationRules->strong_password('<?= base_url();...', NULL)
#6 C:\xampp\htdocs\tripilar\system\Validation\Validation.php(157): CodeIgniter\Validation\Validation->processRules('password', 'password', '<?= base_url();...', Array, Array)
#7 C:\xampp\htdocs\tripilar\system\Controller.php(160): CodeIgniter\Validation\Validation->run()
#8 C:\xampp\htdocs\tripilar\app\ThirdParty\myth-auth\src\Controllers\AuthController.php(166): CodeIgniter\Controller->validate(Array)
#9 C:\xampp\htdocs\tripilar\system\CodeIgniter.php(832): Myth\Auth\Controllers\AuthController->attemptRegister()
#10 C:\xampp\htdocs\tripilar\system\CodeIgniter.php(419): CodeIgniter\CodeIgniter->runController(Object(Myth\Auth\Controllers\AuthController))
#11 C:\xampp\htdocs\tripilar\system\CodeIgniter.php(326): CodeIgniter\CodeIgniter->handleRequest(NULL, Object(Config\Cache), false)
#12 C:\xampp\htdocs\tripilar\public\index.php(37): CodeIgniter\CodeIgniter->run()
#13 C:\xampp\htdocs\tripilar\system\Commands\Server\rewrite.php(43): require_once('C:\\xampp\\htdocs...')
#14 {main}
CRITICAL - 2022-04-15 10:50:21 --> strtolower(): Passing null to parameter #1 ($string) of type string is deprecated
#0 [internal function]: CodeIgniter\Debug\Exceptions->errorHandler(8192, 'strtolower(): P...', 'C:\\xampp\\htdocs...', 71)
#1 C:\xampp\htdocs\tripilar\app\ThirdParty\myth-auth\src\Authentication\Passwords\NothingPersonalValidator.php(71): strtolower(NULL)
#2 C:\xampp\htdocs\tripilar\app\ThirdParty\myth-auth\src\Authentication\Passwords\NothingPersonalValidator.php(39): Myth\Auth\Authentication\Passwords\NothingPersonalValidator->isNotPersonal('<?= base_url();...', Object(Myth\Auth\Entities\User))
#3 C:\xampp\htdocs\tripilar\app\ThirdParty\myth-auth\src\Authentication\Passwords\PasswordValidator.php(55): Myth\Auth\Authentication\Passwords\NothingPersonalValidator->check('<?= base_url();...', Object(Myth\Auth\Entities\User))
#4 C:\xampp\htdocs\tripilar\app\ThirdParty\myth-auth\src\Authentication\Passwords\ValidationRules.php(45): Myth\Auth\Authentication\Passwords\PasswordValidator->check('<?= base_url();...', Object(Myth\Auth\Entities\User))
#5 C:\xampp\htdocs\tripilar\system\Validation\Validation.php(291): Myth\Auth\Authentication\Passwords\ValidationRules->strong_password('<?= base_url();...', NULL)
#6 C:\xampp\htdocs\tripilar\system\Validation\Validation.php(157): CodeIgniter\Validation\Validation->processRules('password', 'password', '<?= base_url();...', Array, Array)
#7 C:\xampp\htdocs\tripilar\system\Controller.php(160): CodeIgniter\Validation\Validation->run()
#8 C:\xampp\htdocs\tripilar\app\ThirdParty\myth-auth\src\Controllers\AuthController.php(166): CodeIgniter\Controller->validate(Array)
#9 C:\xampp\htdocs\tripilar\system\CodeIgniter.php(832): Myth\Auth\Controllers\AuthController->attemptRegister()
#10 C:\xampp\htdocs\tripilar\system\CodeIgniter.php(419): CodeIgniter\CodeIgniter->runController(Object(Myth\Auth\Controllers\AuthController))
#11 C:\xampp\htdocs\tripilar\system\CodeIgniter.php(326): CodeIgniter\CodeIgniter->handleRequest(NULL, Object(Config\Cache), false)
#12 C:\xampp\htdocs\tripilar\public\index.php(37): CodeIgniter\CodeIgniter->run()
#13 C:\xampp\htdocs\tripilar\system\Commands\Server\rewrite.php(43): require_once('C:\\xampp\\htdocs...')
#14 {main}
CRITICAL - 2022-04-15 10:51:13 --> Call to a member function send() on null
#0 C:\xampp\htdocs\tripilar\system\CodeIgniter.php(832): Myth\Auth\Controllers\AuthController->attemptRegister()
#1 C:\xampp\htdocs\tripilar\system\CodeIgniter.php(419): CodeIgniter\CodeIgniter->runController(Object(Myth\Auth\Controllers\AuthController))
#2 C:\xampp\htdocs\tripilar\system\CodeIgniter.php(326): CodeIgniter\CodeIgniter->handleRequest(NULL, Object(Config\Cache), false)
#3 C:\xampp\htdocs\tripilar\public\index.php(37): CodeIgniter\CodeIgniter->run()
#4 C:\xampp\htdocs\tripilar\system\Commands\Server\rewrite.php(43): require_once('C:\\xampp\\htdocs...')
#5 {main}
CRITICAL - 2022-04-15 10:53:04 --> Call to a member function send() on null
#0 C:\xampp\htdocs\tripilar\system\CodeIgniter.php(832): Myth\Auth\Controllers\AuthController->attemptRegister()
#1 C:\xampp\htdocs\tripilar\system\CodeIgniter.php(419): CodeIgniter\CodeIgniter->runController(Object(Myth\Auth\Controllers\AuthController))
#2 C:\xampp\htdocs\tripilar\system\CodeIgniter.php(326): CodeIgniter\CodeIgniter->handleRequest(NULL, Object(Config\Cache), false)
#3 C:\xampp\htdocs\tripilar\public\index.php(37): CodeIgniter\CodeIgniter->run()
#4 C:\xampp\htdocs\tripilar\system\Commands\Server\rewrite.php(43): require_once('C:\\xampp\\htdocs...')
#5 {main}
